TN:
SF:src/FireblocksCardanoRawSDK.ts
FN:137,(anonymous_0)
FN:154,(anonymous_1)
FN:158,(anonymous_2)
FN:221,(anonymous_3)
FN:231,(anonymous_4)
FN:260,(anonymous_5)
FN:284,(anonymous_6)
FN:285,(anonymous_7)
FN:313,(anonymous_8)
FN:343,(anonymous_9)
FN:377,(anonymous_10)
FN:390,(anonymous_11)
FN:423,(anonymous_12)
FN:469,(anonymous_13)
FN:478,(anonymous_14)
FN:489,(anonymous_15)
FN:526,(anonymous_16)
FN:528,(anonymous_17)
FN:531,(anonymous_18)
FN:542,(anonymous_19)
FN:544,(anonymous_20)
FN:567,(anonymous_21)
FN:569,(anonymous_22)
FN:572,(anonymous_23)
FN:575,(anonymous_24)
FN:575,(anonymous_25)
FN:598,(anonymous_26)
FN:607,(anonymous_27)
FN:620,(anonymous_28)
FN:628,(anonymous_29)
FN:635,(anonymous_30)
FN:645,(anonymous_31)
FN:651,(anonymous_32)
FN:670,(anonymous_33)
FN:691,(anonymous_34)
FN:703,(anonymous_35)
FN:712,(anonymous_36)
FN:724,(anonymous_37)
FN:733,(anonymous_38)
FN:822,(anonymous_39)
FN:831,(anonymous_40)
FN:858,(anonymous_41)
FN:930,(anonymous_42)
FN:1031,(anonymous_43)
FN:1106,(anonymous_44)
FN:1121,(anonymous_45)
FN:1182,(anonymous_46)
FN:1296,(anonymous_47)
FN:1361,(anonymous_48)
FN:1422,(anonymous_49)
FN:1493,(anonymous_50)
FN:1557,(anonymous_51)
FN:1621,(anonymous_52)
FN:1626,(anonymous_53)
FN:1662,(anonymous_54)
FN:1664,(anonymous_55)
FN:1665,(anonymous_56)
FN:1694,(anonymous_57)
FN:1775,(anonymous_58)
FN:1783,(anonymous_59)
FN:1796,(anonymous_60)
FN:1846,(anonymous_61)
FN:1889,(anonymous_62)
FN:1941,(anonymous_63)
FN:1975,(anonymous_64)
FN:1997,(anonymous_65)
FN:2028,(anonymous_66)
FN:2035,(anonymous_67)
FN:2085,(anonymous_68)
FN:2097,(anonymous_69)
FN:2159,(anonymous_70)
FN:2180,(anonymous_71)
FN:2210,(anonymous_72)
FN:2221,(anonymous_73)
FN:2242,(anonymous_74)
FN:2290,(anonymous_75)
FN:2306,(anonymous_76)
FN:2317,(anonymous_77)
FN:2355,(anonymous_78)
FN:2394,(anonymous_79)
FN:2444,(anonymous_80)
FN:2452,(anonymous_81)
FN:2460,(anonymous_82)
FN:2488,(anonymous_83)
FN:2517,(anonymous_84)
FN:2546,(anonymous_85)
FN:2584,(anonymous_86)
FN:2597,(anonymous_87)
FN:2605,(anonymous_88)
FN:2634,(anonymous_89)
FN:2699,(anonymous_90)
FN:2726,(anonymous_91)
FN:2733,(anonymous_92)
FN:2763,(anonymous_93)
FN:2771,(anonymous_94)
FN:2802,(anonymous_95)
FN:2819,(anonymous_96)
FN:2828,(anonymous_97)
FN:2837,(anonymous_98)
FN:2848,(anonymous_99)
FN:2861,(anonymous_100)
FN:2883,(anonymous_101)
FN:2900,(anonymous_102)
FN:2907,(anonymous_103)
FN:2931,(anonymous_104)
FNF:105
FNH:0
FNDA:0,(anonymous_0)
FNDA:0,(anonymous_1)
FNDA:0,(anonymous_2)
FNDA:0,(anonymous_3)
FNDA:0,(anonymous_4)
FNDA:0,(anonymous_5)
FNDA:0,(anonymous_6)
FNDA:0,(anonymous_7)
FNDA:0,(anonymous_8)
FNDA:0,(anonymous_9)
FNDA:0,(anonymous_10)
FNDA:0,(anonymous_11)
FNDA:0,(anonymous_12)
FNDA:0,(anonymous_13)
FNDA:0,(anonymous_14)
FNDA:0,(anonymous_15)
FNDA:0,(anonymous_16)
FNDA:0,(anonymous_17)
FNDA:0,(anonymous_18)
FNDA:0,(anonymous_19)
FNDA:0,(anonymous_20)
FNDA:0,(anonymous_21)
FNDA:0,(anonymous_22)
FNDA:0,(anonymous_23)
FNDA:0,(anonymous_24)
FNDA:0,(anonymous_25)
FNDA:0,(anonymous_26)
FNDA:0,(anonymous_27)
FNDA:0,(anonymous_28)
FNDA:0,(anonymous_29)
FNDA:0,(anonymous_30)
FNDA:0,(anonymous_31)
FNDA:0,(anonymous_32)
FNDA:0,(anonymous_33)
FNDA:0,(anonymous_34)
FNDA:0,(anonymous_35)
FNDA:0,(anonymous_36)
FNDA:0,(anonymous_37)
FNDA:0,(anonymous_38)
FNDA:0,(anonymous_39)
FNDA:0,(anonymous_40)
FNDA:0,(anonymous_41)
FNDA:0,(anonymous_42)
FNDA:0,(anonymous_43)
FNDA:0,(anonymous_44)
FNDA:0,(anonymous_45)
FNDA:0,(anonymous_46)
FNDA:0,(anonymous_47)
FNDA:0,(anonymous_48)
FNDA:0,(anonymous_49)
FNDA:0,(anonymous_50)
FNDA:0,(anonymous_51)
FNDA:0,(anonymous_52)
FNDA:0,(anonymous_53)
FNDA:0,(anonymous_54)
FNDA:0,(anonymous_55)
FNDA:0,(anonymous_56)
FNDA:0,(anonymous_57)
FNDA:0,(anonymous_58)
FNDA:0,(anonymous_59)
FNDA:0,(anonymous_60)
FNDA:0,(anonymous_61)
FNDA:0,(anonymous_62)
FNDA:0,(anonymous_63)
FNDA:0,(anonymous_64)
FNDA:0,(anonymous_65)
FNDA:0,(anonymous_66)
FNDA:0,(anonymous_67)
FNDA:0,(anonymous_68)
FNDA:0,(anonymous_69)
FNDA:0,(anonymous_70)
FNDA:0,(anonymous_71)
FNDA:0,(anonymous_72)
FNDA:0,(anonymous_73)
FNDA:0,(anonymous_74)
FNDA:0,(anonymous_75)
FNDA:0,(anonymous_76)
FNDA:0,(anonymous_77)
FNDA:0,(anonymous_78)
FNDA:0,(anonymous_79)
FNDA:0,(anonymous_80)
FNDA:0,(anonymous_81)
FNDA:0,(anonymous_82)
FNDA:0,(anonymous_83)
FNDA:0,(anonymous_84)
FNDA:0,(anonymous_85)
FNDA:0,(anonymous_86)
FNDA:0,(anonymous_87)
FNDA:0,(anonymous_88)
FNDA:0,(anonymous_89)
FNDA:0,(anonymous_90)
FNDA:0,(anonymous_91)
FNDA:0,(anonymous_92)
FNDA:0,(anonymous_93)
FNDA:0,(anonymous_94)
FNDA:0,(anonymous_95)
FNDA:0,(anonymous_96)
FNDA:0,(anonymous_97)
FNDA:0,(anonymous_98)
FNDA:0,(anonymous_99)
FNDA:0,(anonymous_100)
FNDA:0,(anonymous_101)
FNDA:0,(anonymous_102)
FNDA:0,(anonymous_103)
FNDA:0,(anonymous_104)
DA:127,0
DA:128,0
DA:130,0
DA:138,0
DA:140,0
DA:141,0
DA:142,0
DA:143,0
DA:145,0
DA:147,0
DA:155,0
DA:158,0
DA:168,0
DA:169,0
DA:178,0
DA:180,0
DA:181,0
DA:184,0
DA:185,0
DA:191,0
DA:192,0
DA:193,0
DA:195,0
DA:197,0
DA:198,0
DA:203,0
DA:212,0
DA:214,0
DA:221,0
DA:222,0
DA:231,0
DA:234,0
DA:237,0
DA:239,0
DA:243,0
DA:248,0
DA:249,0
DA:252,0
DA:260,0
DA:266,0
DA:268,0
DA:272,0
DA:277,0
DA:278,0
DA:279,0
DA:283,0
DA:284,0
DA:286,0
DA:287,0
DA:289,0
DA:290,0
DA:294,0
DA:296,0
DA:297,0
DA:301,0
DA:304,0
DA:313,0
DA:318,0
DA:320,0
DA:324,0
DA:329,0
DA:330,0
DA:333,0
DA:343,0
DA:349,0
DA:352,0
DA:355,0
DA:356,0
DA:358,0
DA:362,0
DA:367,0
DA:368,0
DA:371,0
DA:378,0
DA:379,0
DA:380,0
DA:381,0
DA:383,0
DA:391,0
DA:392,0
DA:394,0
DA:395,0
DA:396,0
DA:399,0
DA:404,0
DA:406,0
DA:407,0
DA:413,0
DA:414,0
DA:416,0
DA:428,0
DA:429,0
DA:437,0
DA:438,0
DA:446,0
DA:447,0
DA:452,0
DA:453,0
DA:461,0
DA:463,0
DA:470,0
DA:471,0
DA:472,0
DA:479,0
DA:480,0
DA:481,0
DA:482,0
DA:503,0
DA:504,0
DA:511,0
DA:516,0
DA:517,0
DA:518,0
DA:526,0
DA:527,0
DA:528,0
DA:531,0
DA:532,0
DA:533,0
DA:535,0
DA:538,0
DA:539,0
DA:540,0
DA:542,0
DA:543,0
DA:544,0
DA:545,0
DA:546,0
DA:549,0
DA:550,0
DA:552,0
DA:566,0
DA:567,0
DA:568,0
DA:569,0
DA:572,0
DA:574,0
DA:575,0
DA:578,0
DA:579,0
DA:580,0
DA:582,0
DA:598,0
DA:601,0
DA:607,0
DA:608,0
DA:610,0
DA:614,0
DA:620,0
DA:623,0
DA:628,0
DA:630,0
DA:634,0
DA:636,0
DA:637,0
DA:645,0
DA:651,0
DA:659,0
DA:660,0
DA:664,0
DA:670,0
DA:678,0
DA:680,0
DA:684,0
DA:691,0
DA:699,0
DA:702,0
DA:703,0
DA:712,0
DA:720,0
DA:723,0
DA:724,0
DA:741,0
DA:746,0
DA:747,0
DA:767,0
DA:768,0
DA:770,0
DA:771,0
DA:772,0
DA:774,0
DA:775,0
DA:776,0
DA:778,0
DA:779,0
DA:780,0
DA:781,0
DA:782,0
DA:783,0
DA:785,0
DA:788,0
DA:809,0
DA:823,0
DA:824,0
DA:825,0
DA:835,0
DA:862,0
DA:863,0
DA:865,0
DA:867,0
DA:869,0
DA:870,0
DA:873,0
DA:874,0
DA:876,0
DA:877,0
DA:878,0
DA:879,0
DA:881,0
DA:882,0
DA:883,0
DA:884,0
DA:885,0
DA:886,0
DA:888,0
DA:889,0
DA:890,0
DA:892,0
DA:895,0
DA:896,0
DA:897,0
DA:899,0
DA:900,0
DA:909,0
DA:910,0
DA:915,0
DA:955,0
DA:959,0
DA:962,0
DA:963,0
DA:972,0
DA:973,0
DA:982,0
DA:988,0
DA:990,0
DA:999,0
DA:1000,0
DA:1002,0
DA:1003,0
DA:1004,0
DA:1018,0
DA:1019,0
DA:1021,0
DA:1031,0
DA:1034,0
DA:1036,0
DA:1037,0
DA:1038,0
DA:1043,0
DA:1044,0
DA:1045,0
DA:1048,0
DA:1049,0
DA:1050,0
DA:1051,0
DA:1054,0
DA:1063,0
DA:1064,0
DA:1065,0
DA:1067,0
DA:1068,0
DA:1071,0
DA:1076,0
DA:1080,0
DA:1099,0
DA:1102,0
DA:1106,0
DA:1119,0
DA:1121,0
DA:1122,0
DA:1124,0
DA:1125,0
DA:1129,0
DA:1140,0
DA:1141,0
DA:1144,0
DA:1145,0
DA:1147,0
DA:1152,0
DA:1155,0
DA:1157,0
DA:1159,0
DA:1171,0
DA:1173,0
DA:1195,0
DA:1198,0
DA:1199,0
DA:1207,0
DA:1208,0
DA:1217,0
DA:1223,0
DA:1227,0
DA:1235,0
DA:1236,0
DA:1237,0
DA:1238,0
DA:1239,0
DA:1243,0
DA:1260,0
DA:1261,0
DA:1262,0
DA:1268,0
DA:1269,0
DA:1271,0
DA:1272,0
DA:1273,0
DA:1284,0
DA:1285,0
DA:1287,0
DA:1296,0
DA:1299,0
DA:1301,0
DA:1302,0
DA:1303,0
DA:1307,0
DA:1308,0
DA:1309,0
DA:1310,0
DA:1312,0
DA:1314,0
DA:1315,0
DA:1317,0
DA:1321,0
DA:1326,0
DA:1335,0
DA:1336,0
DA:1337,0
DA:1343,0
DA:1345,0
DA:1348,0
DA:1361,0
DA:1362,0
DA:1369,0
DA:1371,0
DA:1375,0
DA:1376,0
DA:1382,0
DA:1384,0
DA:1394,0
DA:1395,0
DA:1399,0
DA:1401,0
DA:1412,0
DA:1441,0
DA:1443,0
DA:1444,0
DA:1453,0
DA:1454,0
DA:1462,0
DA:1463,0
DA:1464,0
DA:1474,0
DA:1480,0
DA:1483,0
DA:1493,0
DA:1495,0
DA:1499,0
DA:1500,0
DA:1501,0
DA:1502,0
DA:1503,0
DA:1512,0
DA:1513,0
DA:1514,0
DA:1519,0
DA:1520,0
DA:1522,0
DA:1523,0
DA:1524,0
DA:1536,0
DA:1537,0
DA:1539,0
DA:1557,0
DA:1560,0
DA:1562,0
DA:1563,0
DA:1564,0
DA:1566,0
DA:1567,0
DA:1568,0
DA:1569,0
DA:1571,0
DA:1572,0
DA:1573,0
DA:1574,0
DA:1575,0
DA:1580,0
DA:1583,0
DA:1588,0
DA:1594,0
DA:1595,0
DA:1596,0
DA:1602,0
DA:1604,0
DA:1607,0
DA:1621,0
DA:1626,0
DA:1627,0
DA:1628,0
DA:1639,0
DA:1640,0
DA:1642,0
DA:1643,0
DA:1647,0
DA:1648,0
DA:1650,0
DA:1654,0
DA:1662,0
DA:1663,0
DA:1664,0
DA:1665,0
DA:1667,0
DA:1668,0
DA:1669,0
DA:1674,0
DA:1676,0
DA:1678,0
DA:1694,0
DA:1697,0
DA:1699,0
DA:1700,0
DA:1701,0
DA:1703,0
DA:1705,0
DA:1706,0
DA:1715,0
DA:1716,0
DA:1718,0
DA:1719,0
DA:1725,0
DA:1727,0
DA:1728,0
DA:1732,0
DA:1733,0
DA:1734,0
DA:1737,0
DA:1738,0
DA:1739,0
DA:1740,0
DA:1741,0
DA:1742,0
DA:1743,0
DA:1744,0
DA:1745,0
DA:1746,0
DA:1747,0
DA:1748,0
DA:1749,0
DA:1750,0
DA:1752,0
DA:1753,0
DA:1756,0
DA:1765,0
DA:1775,0
DA:1776,0
DA:1784,0
DA:1801,0
DA:1802,0
DA:1805,0
DA:1806,0
DA:1807,0
DA:1808,0
DA:1809,0
DA:1813,0
DA:1815,0
DA:1816,0
DA:1817,0
DA:1821,0
DA:1822,0
DA:1825,0
DA:1826,0
DA:1827,0
DA:1829,0
DA:1833,0
DA:1851,0
DA:1854,0
DA:1860,0
DA:1861,0
DA:1862,0
DA:1864,0
DA:1865,0
DA:1867,0
DA:1870,0
DA:1872,0
DA:1876,0
DA:1895,0
DA:1896,0
DA:1897,0
DA:1901,0
DA:1903,0
DA:1906,0
DA:1907,0
DA:1908,0
DA:1909,0
DA:1911,0
DA:1915,0
DA:1916,0
DA:1917,0
DA:1918,0
DA:1923,0
DA:1924,0
DA:1926,0
DA:1929,0
DA:1941,0
DA:1944,0
DA:1950,0
DA:1953,0
DA:1954,0
DA:1955,0
DA:1958,0
DA:1960,0
DA:1961,0
DA:1962,0
DA:1963,0
DA:1966,0
DA:1968,0
DA:1970,0
DA:1971,0
DA:1972,0
DA:1975,0
DA:1977,0
DA:1978,0
DA:1979,0
DA:1982,0
DA:1990,0
DA:1991,0
DA:1997,0
DA:1999,0
DA:2000,0
DA:2002,0
DA:2003,0
DA:2004,0
DA:2008,0
DA:2016,0
DA:2017,0
DA:2019,0
DA:2032,0
DA:2035,0
DA:2036,0
DA:2037,0
DA:2038,0
DA:2039,0
DA:2040,0
DA:2043,0
DA:2044,0
DA:2045,0
DA:2046,0
DA:2047,0
DA:2049,0
DA:2058,0
DA:2060,0
DA:2063,0
DA:2067,0
DA:2070,0
DA:2071,0
DA:2072,0
DA:2076,0
DA:2077,0
DA:2088,0
DA:2089,0
DA:2092,0
DA:2093,0
DA:2094,0
DA:2097,0
DA:2099,0
DA:2101,0
DA:2102,0
DA:2103,0
DA:2104,0
DA:2105,0
DA:2110,0
DA:2111,0
DA:2112,0
DA:2117,0
DA:2120,0
DA:2122,0
DA:2124,0
DA:2125,0
DA:2126,0
DA:2127,0
DA:2128,0
DA:2129,0
DA:2137,0
DA:2138,0
DA:2139,0
DA:2147,0
DA:2168,0
DA:2169,0
DA:2170,0
DA:2171,0
DA:2173,0
DA:2188,0
DA:2189,0
DA:2191,0
DA:2192,0
DA:2194,0
DA:2195,0
DA:2198,0
DA:2201,0
DA:2202,0
DA:2203,0
DA:2204,0
DA:2209,0
DA:2210,0
DA:2218,0
DA:2219,0
DA:2220,0
DA:2221,0
DA:2223,0
DA:2226,0
DA:2227,0
DA:2228,0
DA:2229,0
DA:2234,0
DA:2250,0
DA:2251,0
DA:2252,0
DA:2254,0
DA:2255,0
DA:2256,0
DA:2262,0
DA:2265,0
DA:2266,0
DA:2267,0
DA:2273,0
DA:2276,0
DA:2277,0
DA:2279,0
DA:2280,0
DA:2281,0
DA:2282,0
DA:2286,0
DA:2288,0
DA:2291,0
DA:2292,0
DA:2293,0
DA:2296,0
DA:2304,0
DA:2306,0
DA:2313,0
DA:2314,0
DA:2315,0
DA:2316,0
DA:2317,0
DA:2319,0
DA:2323,0
DA:2325,0
DA:2326,0
DA:2327,0
DA:2328,0
DA:2329,0
DA:2335,0
DA:2336,0
DA:2337,0
DA:2338,0
DA:2343,0
DA:2363,0
DA:2364,0
DA:2366,0
DA:2367,0
DA:2369,0
DA:2370,0
DA:2372,0
DA:2374,0
DA:2375,0
DA:2376,0
DA:2377,0
DA:2378,0
DA:2379,0
DA:2380,0
DA:2383,0
DA:2385,0
DA:2386,0
DA:2393,0
DA:2395,0
DA:2396,0
DA:2397,0
DA:2402,0
DA:2407,0
DA:2409,0
DA:2410,0
DA:2412,0
DA:2413,0
DA:2414,0
DA:2415,0
DA:2416,0
DA:2420,0
DA:2423,0
DA:2424,0
DA:2425,0
DA:2426,0
DA:2427,0
DA:2428,0
DA:2434,0
DA:2445,0
DA:2453,0
DA:2461,0
DA:2488,0
DA:2493,0
DA:2494,0
DA:2517,0
DA:2518,0
DA:2522,0
DA:2524,0
DA:2546,0
DA:2549,0
DA:2552,0
DA:2554,0
DA:2584,0
DA:2591,0
DA:2592,0
DA:2594,0
DA:2597,0
DA:2598,0
DA:2600,0
DA:2601,0
DA:2602,0
DA:2605,0
DA:2606,0
DA:2634,0
DA:2635,0
DA:2636,0
DA:2699,0
DA:2700,0
DA:2701,0
DA:2726,0
DA:2727,0
DA:2730,0
DA:2733,0
DA:2736,0
DA:2740,0
DA:2742,0
DA:2763,0
DA:2764,0
DA:2765,0
DA:2772,0
DA:2773,0
DA:2774,0
DA:2807,0
DA:2808,0
DA:2820,0
DA:2821,0
DA:2829,0
DA:2830,0
DA:2838,0
DA:2839,0
DA:2853,0
DA:2854,0
DA:2862,0
DA:2863,0
DA:2884,0
DA:2901,0
DA:2908,0
DA:2932,0
DA:2933,0
DA:2934,0
LF:756
LH:0
BRDA:155,0,0,0
BRDA:155,0,1,0
BRDA:177,1,0,0
BRDA:180,2,0,0
BRDA:180,2,1,0
BRDA:192,3,0,0
BRDA:192,3,1,0
BRDA:197,4,0,0
BRDA:197,4,1,0
BRDA:215,5,0,0
BRDA:215,5,1,0
BRDA:232,6,0,0
BRDA:234,7,0,0
BRDA:234,8,0,0
BRDA:234,9,0,0
BRDA:248,10,0,0
BRDA:248,10,1,0
BRDA:261,11,0,0
BRDA:266,12,0,0
BRDA:266,13,0,0
BRDA:277,14,0,0
BRDA:277,14,1,0
BRDA:277,15,0,0
BRDA:277,15,1,0
BRDA:284,16,0,0
BRDA:284,16,1,0
BRDA:287,17,0,0
BRDA:287,17,1,0
BRDA:318,18,0,0
BRDA:318,19,0,0
BRDA:329,20,0,0
BRDA:329,20,1,0
BRDA:344,21,0,0
BRDA:349,22,0,0
BRDA:349,23,0,0
BRDA:367,24,0,0
BRDA:367,24,1,0
BRDA:378,25,0,0
BRDA:378,25,1,0
BRDA:380,26,0,0
BRDA:380,26,1,0
BRDA:394,27,0,0
BRDA:394,27,1,0
BRDA:406,28,0,0
BRDA:406,28,1,0
BRDA:426,29,0,0
BRDA:428,30,0,0
BRDA:428,30,1,0
BRDA:428,31,0,0
BRDA:428,31,1,0
BRDA:437,32,0,0
BRDA:437,32,1,0
BRDA:437,33,0,0
BRDA:437,33,1,0
BRDA:446,34,0,0
BRDA:446,34,1,0
BRDA:452,35,0,0
BRDA:452,35,1,0
BRDA:479,36,0,0
BRDA:479,36,1,0
BRDA:481,37,0,0
BRDA:481,37,1,0
BRDA:516,38,0,0
BRDA:516,38,1,0
BRDA:516,39,0,0
BRDA:516,39,1,0
BRDA:520,40,0,0
BRDA:520,40,1,0
BRDA:532,41,0,0
BRDA:532,41,1,0
BRDA:532,42,0,0
BRDA:532,42,1,0
BRDA:532,43,0,0
BRDA:532,43,1,0
BRDA:532,44,0,0
BRDA:532,44,1,0
BRDA:533,45,0,0
BRDA:533,45,1,0
BRDA:536,46,0,0
BRDA:536,46,1,0
BRDA:538,47,0,0
BRDA:538,47,1,0
BRDA:543,48,0,0
BRDA:543,48,1,0
BRDA:544,49,0,0
BRDA:544,49,1,0
BRDA:544,50,0,0
BRDA:544,50,1,0
BRDA:549,51,0,0
BRDA:549,51,1,0
BRDA:550,52,0,0
BRDA:550,52,1,0
BRDA:568,53,0,0
BRDA:568,53,1,0
BRDA:572,54,0,0
BRDA:572,54,1,0
BRDA:572,55,0,0
BRDA:572,55,1,0
BRDA:579,56,0,0
BRDA:579,56,1,0
BRDA:580,57,0,0
BRDA:580,57,1,0
BRDA:607,58,0,0
BRDA:628,59,0,0
BRDA:628,59,1,0
BRDA:638,60,0,0
BRDA:638,60,1,0
BRDA:640,61,0,0
BRDA:640,61,1,0
BRDA:652,62,0,0
BRDA:653,63,0,0
BRDA:671,64,0,0
BRDA:672,65,0,0
BRDA:692,66,0,0
BRDA:713,67,0,0
BRDA:746,68,0,0
BRDA:746,68,1,0
BRDA:770,69,0,0
BRDA:770,69,1,0
BRDA:770,70,0,0
BRDA:770,70,1,0
BRDA:775,71,0,0
BRDA:775,71,1,0
BRDA:778,72,0,0
BRDA:778,72,1,0
BRDA:860,73,0,0
BRDA:869,74,0,0
BRDA:869,74,1,0
BRDA:869,75,0,0
BRDA:869,75,1,0
BRDA:899,76,0,0
BRDA:899,76,1,0
BRDA:947,77,0,0
BRDA:950,78,0,0
BRDA:954,79,0,0
BRDA:959,80,0,0
BRDA:959,80,1,0
BRDA:959,80,2,0
BRDA:962,81,0,0
BRDA:962,81,1,0
BRDA:962,82,0,0
BRDA:962,82,1,0
BRDA:962,82,2,0
BRDA:972,83,0,0
BRDA:972,83,1,0
BRDA:972,84,0,0
BRDA:972,84,1,0
BRDA:1034,85,0,0
BRDA:1063,86,0,0
BRDA:1063,86,1,0
BRDA:1102,87,0,0
BRDA:1102,87,1,0
BRDA:1124,88,0,0
BRDA:1124,88,1,0
BRDA:1190,89,0,0
BRDA:1193,90,0,0
BRDA:1198,91,0,0
BRDA:1198,91,1,0
BRDA:1198,92,0,0
BRDA:1198,92,1,0
BRDA:1207,93,0,0
BRDA:1207,93,1,0
BRDA:1236,94,0,0
BRDA:1236,94,1,0
BRDA:1261,95,0,0
BRDA:1261,95,1,0
BRDA:1299,96,0,0
BRDA:1314,97,0,0
BRDA:1314,97,1,0
BRDA:1315,98,0,0
BRDA:1315,98,1,0
BRDA:1336,99,0,0
BRDA:1336,99,1,0
BRDA:1339,100,0,0
BRDA:1339,100,1,0
BRDA:1348,101,0,0
BRDA:1348,101,1,0
BRDA:1364,102,0,0
BRDA:1367,103,0,0
BRDA:1372,104,0,0
BRDA:1372,104,1,0
BRDA:1388,105,0,0
BRDA:1388,105,1,0
BRDA:1394,106,0,0
BRDA:1394,106,1,0
BRDA:1395,107,0,0
BRDA:1395,107,1,0
BRDA:1407,108,0,0
BRDA:1407,108,1,0
BRDA:1424,109,0,0
BRDA:1435,110,0,0
BRDA:1438,111,0,0
BRDA:1443,112,0,0
BRDA:1443,112,1,0
BRDA:1443,113,0,0
BRDA:1443,113,1,0
BRDA:1453,114,0,0
BRDA:1453,114,1,0
BRDA:1453,115,0,0
BRDA:1453,115,1,0
BRDA:1463,116,0,0
BRDA:1463,116,1,0
BRDA:1463,117,0,0
BRDA:1463,117,1,0
BRDA:1495,118,0,0
BRDA:1495,118,1,0
BRDA:1500,119,0,0
BRDA:1500,119,1,0
BRDA:1513,120,0,0
BRDA:1513,120,1,0
BRDA:1560,121,0,0
BRDA:1580,122,0,0
BRDA:1580,122,1,0
BRDA:1595,123,0,0
BRDA:1595,123,1,0
BRDA:1607,124,0,0
BRDA:1607,124,1,0
BRDA:1629,125,0,0
BRDA:1629,125,1,0
BRDA:1667,126,0,0
BRDA:1667,126,1,0
BRDA:1695,127,0,0
BRDA:1697,128,0,0
BRDA:1697,129,0,0
BRDA:1705,130,0,0
BRDA:1705,130,1,0
BRDA:1745,131,0,0
BRDA:1745,131,1,0
BRDA:1783,132,0,0
BRDA:1799,133,0,0
BRDA:1806,134,0,0
BRDA:1806,134,1,0
BRDA:1815,135,0,0
BRDA:1815,135,1,0
BRDA:1815,136,0,0
BRDA:1815,136,1,0
BRDA:1831,137,0,0
BRDA:1831,137,1,0
BRDA:1849,138,0,0
BRDA:1854,139,0,0
BRDA:1854,139,1,0
BRDA:1854,140,0,0
BRDA:1854,140,1,0
BRDA:1856,141,0,0
BRDA:1856,141,1,0
BRDA:1864,142,0,0
BRDA:1864,142,1,0
BRDA:1874,143,0,0
BRDA:1874,143,1,0
BRDA:1892,144,0,0
BRDA:1906,145,0,0
BRDA:1906,145,1,0
BRDA:1908,146,0,0
BRDA:1908,146,1,0
BRDA:1915,147,0,0
BRDA:1915,147,1,0
BRDA:1917,148,0,0
BRDA:1917,148,1,0
BRDA:1923,149,0,0
BRDA:1923,149,1,0
BRDA:1923,150,0,0
BRDA:1923,150,1,0
BRDA:1944,151,0,0
BRDA:1944,151,1,0
BRDA:1945,152,0,0
BRDA:1945,152,1,0
BRDA:1945,152,2,0
BRDA:1945,152,3,0
BRDA:1954,153,0,0
BRDA:1954,153,1,0
BRDA:1954,154,0,0
BRDA:1954,154,1,0
BRDA:1961,155,0,0
BRDA:1961,155,1,0
BRDA:1970,156,0,0
BRDA:1970,156,1,0
BRDA:1977,157,0,0
BRDA:1977,157,1,0
BRDA:1997,158,0,0
BRDA:1997,159,0,0
BRDA:2002,160,0,0
BRDA:2002,160,1,0
BRDA:2038,161,0,0
BRDA:2038,161,1,0
BRDA:2038,162,0,0
BRDA:2038,162,1,0
BRDA:2044,163,0,0
BRDA:2044,163,1,0
BRDA:2045,164,0,0
BRDA:2045,164,1,0
BRDA:2050,165,0,0
BRDA:2050,165,1,0
BRDA:2051,166,0,0
BRDA:2051,166,1,0
BRDA:2054,167,0,0
BRDA:2054,167,1,0
BRDA:2055,168,0,0
BRDA:2055,168,1,0
BRDA:2061,169,0,0
BRDA:2061,169,1,0
BRDA:2071,170,0,0
BRDA:2071,170,1,0
BRDA:2088,171,0,0
BRDA:2088,171,1,0
BRDA:2088,172,0,0
BRDA:2088,172,1,0
BRDA:2097,173,0,0
BRDA:2097,173,1,0
BRDA:2099,174,0,0
BRDA:2099,174,1,0
BRDA:2101,175,0,0
BRDA:2101,175,1,0
BRDA:2110,176,0,0
BRDA:2110,176,1,0
BRDA:2122,177,0,0
BRDA:2122,177,1,0
BRDA:2124,178,0,0
BRDA:2124,178,1,0
BRDA:2131,179,0,0
BRDA:2131,179,1,0
BRDA:2137,180,0,0
BRDA:2137,180,1,0
BRDA:2141,181,0,0
BRDA:2141,181,1,0
BRDA:2168,182,0,0
BRDA:2168,182,1,0
BRDA:2170,183,0,0
BRDA:2170,183,1,0
BRDA:2192,184,0,0
BRDA:2192,184,1,0
BRDA:2192,185,0,0
BRDA:2192,185,1,0
BRDA:2195,186,0,0
BRDA:2195,186,1,0
BRDA:2198,187,0,0
BRDA:2198,187,1,0
BRDA:2201,188,0,0
BRDA:2201,188,1,0
BRDA:2203,189,0,0
BRDA:2203,189,1,0
BRDA:2218,190,0,0
BRDA:2218,190,1,0
BRDA:2218,191,0,0
BRDA:2218,191,1,0
BRDA:2228,192,0,0
BRDA:2228,192,1,0
BRDA:2255,193,0,0
BRDA:2255,193,1,0
BRDA:2255,194,0,0
BRDA:2255,194,1,0
BRDA:2266,195,0,0
BRDA:2266,195,1,0
BRDA:2276,196,0,0
BRDA:2276,196,1,0
BRDA:2279,197,0,0
BRDA:2279,197,1,0
BRDA:2281,198,0,0
BRDA:2281,198,1,0
BRDA:2291,199,0,0
BRDA:2291,199,1,0
BRDA:2314,200,0,0
BRDA:2314,200,1,0
BRDA:2314,201,0,0
BRDA:2314,201,1,0
BRDA:2323,202,0,0
BRDA:2323,202,1,0
BRDA:2328,203,0,0
BRDA:2328,203,1,0
BRDA:2337,204,0,0
BRDA:2337,204,1,0
BRDA:2367,205,0,0
BRDA:2367,205,1,0
BRDA:2367,206,0,0
BRDA:2367,206,1,0
BRDA:2370,207,0,0
BRDA:2370,207,1,0
BRDA:2372,208,0,0
BRDA:2372,208,1,0
BRDA:2374,209,0,0
BRDA:2374,209,1,0
BRDA:2374,210,0,0
BRDA:2374,210,1,0
BRDA:2376,211,0,0
BRDA:2376,211,1,0
BRDA:2376,212,0,0
BRDA:2376,212,1,0
BRDA:2378,213,0,0
BRDA:2378,213,1,0
BRDA:2385,214,0,0
BRDA:2385,214,1,0
BRDA:2407,215,0,0
BRDA:2407,215,1,0
BRDA:2407,216,0,0
BRDA:2407,216,1,0
BRDA:2427,217,0,0
BRDA:2427,217,1,0
BRDA:2522,218,0,0
BRDA:2552,219,0,0
BRDA:2592,220,0,0
BRDA:2740,221,0,0
BRDA:2805,222,0,0
BRF:401
BRH:0
end_of_record
TN:
SF:src/app.ts
FN:6,(anonymous_0)
FNF:1
FNH:0
FNDA:0,(anonymous_0)
DA:5,0
DA:6,0
DA:7,0
DA:8,0
DA:9,0
DA:11,0
DA:12,0
DA:14,0
DA:16,0
LF:9
LH:0
BRDA:11,0,0,0
BRDA:11,0,1,0
BRF:2
BRH:0
end_of_record
TN:
SF:src/constants.ts
FN:3,(anonymous_0)
FN:43,(anonymous_1)
FNF:2
FNH:2
FNDA:1,(anonymous_0)
FNDA:1,(anonymous_1)
DA:1,1
DA:3,1
DA:4,1
DA:5,1
DA:6,1
DA:7,1
DA:8,1
DA:9,1
DA:10,1
DA:11,1
DA:12,1
DA:16,1
DA:20,1
DA:25,1
DA:32,1
DA:40,1
DA:43,1
DA:44,1
DA:50,1
DA:55,1
DA:60,1
DA:66,1
DA:71,1
DA:77,1
DA:78,1
DA:83,1
DA:87,1
DA:93,1
LF:28
LH:28
BRDA:3,0,0,1
BRDA:3,0,1,1
BRDA:43,1,0,1
BRDA:43,1,1,1
BRF:4
BRH:4
end_of_record
TN:
SF:src/server.ts
FN:15,(anonymous_0)
FN:18,(anonymous_1)
FN:30,(anonymous_2)
FN:68,(anonymous_3)
FN:81,(anonymous_4)
FN:89,(anonymous_5)
FN:98,(anonymous_6)
FN:103,(anonymous_7)
FNF:8
FNH:0
FNDA:0,(anonymous_0)
FNDA:0,(anonymous_1)
FNDA:0,(anonymous_2)
FNDA:0,(anonymous_3)
FNDA:0,(anonymous_4)
FNDA:0,(anonymous_5)
FNDA:0,(anonymous_6)
FNDA:0,(anonymous_7)
DA:13,0
DA:15,0
DA:17,0
DA:19,0
DA:20,0
DA:25,0
DA:28,0
DA:32,0
DA:33,0
DA:34,0
DA:39,0
DA:40,0
DA:43,0
DA:50,0
DA:53,0
DA:56,0
DA:69,0
DA:78,0
DA:81,0
DA:82,0
DA:83,0
DA:87,0
DA:88,0
DA:89,0
DA:90,0
DA:91,0
DA:94,0
DA:95,0
DA:96,0
DA:98,0
DA:99,0
DA:103,0
DA:104,0
DA:105,0
LF:34
LH:0
BRDA:19,0,0,0
BRDA:19,0,1,0
BRDA:19,1,0,0
BRDA:19,1,1,0
BRDA:33,2,0,0
BRDA:33,2,1,0
BRDA:44,3,0,0
BRDA:44,3,1,0
BRDA:45,4,0,0
BRDA:45,4,1,0
BRDA:46,5,0,0
BRDA:46,5,1,0
BRDA:50,6,0,0
BRDA:50,6,1,0
BRDA:53,7,0,0
BRDA:53,7,1,0
BRDA:60,8,0,0
BRDA:60,8,1,0
BRDA:61,9,0,0
BRDA:61,9,1,0
BRDA:62,10,0,0
BRDA:62,10,1,0
BRDA:63,11,0,0
BRDA:63,11,1,0
BRDA:64,12,0,0
BRDA:64,12,1,0
BRF:26
BRH:0
end_of_record
TN:
SF:src/api/router.ts
FN:27,(anonymous_0)
FNF:1
FNH:0
FNDA:0,(anonymous_0)
DA:27,0
DA:28,0
DA:29,0
DA:87,0
DA:135,0
DA:304,0
DA:352,0
DA:397,0
DA:468,0
DA:549,0
DA:624,0
DA:700,0
DA:826,0
DA:931,0
DA:1115,0
DA:1266,0
DA:1389,0
DA:1532,0
DA:1621,0
DA:1713,0
DA:1816,0
DA:1913,0
DA:1986,0
DA:2047,0
DA:2126,0
DA:2181,0
DA:2226,0
DA:2272,0
DA:2318,0
DA:2367,0
DA:2415,0
DA:2513,0
DA:2605,0
DA:2717,0
DA:2764,0
DA:2825,0
DA:2879,0
DA:2927,0
DA:3004,0
DA:3055,0
DA:3061,0
LF:41
LH:0
BRF:0
BRH:0
end_of_record
TN:
SF:src/api/validation.ts
FN:9,(anonymous_0)
FN:10,(anonymous_1)
FN:20,(anonymous_2)
FN:38,(anonymous_3)
FN:39,(anonymous_4)
FN:49,(anonymous_5)
FN:117,(anonymous_6)
FN:160,(anonymous_7)
FN:174,(anonymous_8)
FN:225,(anonymous_9)
FN:291,(anonymous_10)
FNF:11
FNH:0
FNDA:0,(anonymous_0)
FNDA:0,(anonymous_1)
FNDA:0,(anonymous_2)
FNDA:0,(anonymous_3)
FNDA:0,(anonymous_4)
FNDA:0,(anonymous_5)
FNDA:0,(anonymous_6)
FNDA:0,(anonymous_7)
FNDA:0,(anonymous_8)
FNDA:0,(anonymous_9)
FNDA:0,(anonymous_10)
DA:1,1
DA:9,1
DA:10,0
DA:11,0
DA:13,0
DA:14,0
DA:16,0
DA:17,0
DA:20,0
DA:28,0
DA:38,1
DA:39,0
DA:40,0
DA:42,0
DA:43,0
DA:45,0
DA:46,0
DA:49,0
DA:56,0
DA:64,1
DA:71,1
DA:78,1
DA:86,1
DA:94,1
DA:119,0
DA:138,1
DA:162,0
DA:163,0
DA:164,0
DA:174,1
DA:178,0
DA:179,0
DA:180,0
DA:184,1
DA:186,1
DA:202,1
DA:219,1
DA:225,1
DA:229,0
DA:230,0
DA:231,0
DA:235,1
DA:237,1
DA:255,1
DA:274,1
DA:282,1
DA:291,0
DA:298,1
DA:317,1
DA:327,1
DA:344,1
DA:351,1
DA:357,1
DA:364,1
LF:54
LH:27
BRDA:16,0,0,0
BRDA:16,0,1,0
BRDA:45,1,0,0
BRDA:45,1,1,0
BRDA:120,2,0,0
BRDA:120,2,1,0
BRDA:120,2,2,0
BRDA:120,2,3,0
BRDA:164,3,0,0
BRDA:164,3,1,0
BRDA:164,3,2,0
BRDA:164,3,3,0
BRDA:180,4,0,0
BRDA:180,4,1,0
BRDA:180,4,2,0
BRDA:180,4,3,0
BRDA:231,5,0,0
BRDA:231,5,1,0
BRDA:231,5,2,0
BRDA:231,5,3,0
BRDA:291,6,0,0
BRDA:291,6,1,0
BRF:22
BRH:0
end_of_record
TN:
SF:src/api/controllers/controller.ts
FN:11,(anonymous_0)
FN:54,(anonymous_1)
FN:58,(anonymous_2)
FN:68,(anonymous_3)
FN:77,(anonymous_4)
FN:84,(anonymous_5)
FN:94,(anonymous_6)
FN:100,(anonymous_7)
FN:110,(anonymous_8)
FN:119,(anonymous_9)
FN:129,(anonymous_10)
FN:135,(anonymous_11)
FN:145,(anonymous_12)
FN:148,(anonymous_13)
FN:160,(anonymous_14)
FN:170,(anonymous_15)
FN:181,(anonymous_16)
FN:186,(anonymous_17)
FN:196,(anonymous_18)
FN:199,(anonymous_19)
FN:212,(anonymous_20)
FN:224,(anonymous_21)
FN:227,(anonymous_22)
FN:237,(anonymous_23)
FN:240,(anonymous_24)
FN:250,(anonymous_25)
FN:260,(anonymous_26)
FN:272,(anonymous_27)
FN:282,(anonymous_28)
FN:294,(anonymous_29)
FN:297,(anonymous_30)
FN:305,(anonymous_31)
FN:308,(anonymous_32)
FN:318,(anonymous_33)
FN:321,(anonymous_34)
FN:331,(anonymous_35)
FN:334,(anonymous_36)
FN:344,(anonymous_37)
FN:347,(anonymous_38)
FN:357,(anonymous_39)
FN:360,(anonymous_40)
FN:370,(anonymous_41)
FN:373,(anonymous_42)
FN:383,(anonymous_43)
FN:446,(anonymous_44)
FN:460,(anonymous_45)
FN:478,(anonymous_46)
FN:490,(anonymous_47)
FN:508,(anonymous_48)
FN:528,(anonymous_49)
FN:546,(anonymous_50)
FN:559,(anonymous_51)
FN:573,(anonymous_52)
FN:584,(anonymous_53)
FN:598,(anonymous_54)
FN:600,(anonymous_55)
FN:613,(anonymous_56)
FN:624,(anonymous_57)
FN:642,(anonymous_58)
FN:646,(anonymous_59)
FN:663,(anonymous_60)
FN:668,(anonymous_61)
FN:686,(anonymous_62)
FN:690,(anonymous_63)
FN:705,(anonymous_64)
FN:708,(anonymous_65)
FN:717,(anonymous_66)
FN:720,(anonymous_67)
FN:729,(anonymous_68)
FN:732,(anonymous_69)
FN:741,(anonymous_70)
FN:746,(anonymous_71)
FN:757,(anonymous_72)
FN:760,(anonymous_73)
FN:773,(anonymous_74)
FN:784,(anonymous_75)
FN:809,(anonymous_76)
FNF:77
FNH:0
FNDA:0,(anonymous_0)
FNDA:0,(anonymous_1)
FNDA:0,(anonymous_2)
FNDA:0,(anonymous_3)
FNDA:0,(anonymous_4)
FNDA:0,(anonymous_5)
FNDA:0,(anonymous_6)
FNDA:0,(anonymous_7)
FNDA:0,(anonymous_8)
FNDA:0,(anonymous_9)
FNDA:0,(anonymous_10)
FNDA:0,(anonymous_11)
FNDA:0,(anonymous_12)
FNDA:0,(anonymous_13)
FNDA:0,(anonymous_14)
FNDA:0,(anonymous_15)
FNDA:0,(anonymous_16)
FNDA:0,(anonymous_17)
FNDA:0,(anonymous_18)
FNDA:0,(anonymous_19)
FNDA:0,(anonymous_20)
FNDA:0,(anonymous_21)
FNDA:0,(anonymous_22)
FNDA:0,(anonymous_23)
FNDA:0,(anonymous_24)
FNDA:0,(anonymous_25)
FNDA:0,(anonymous_26)
FNDA:0,(anonymous_27)
FNDA:0,(anonymous_28)
FNDA:0,(anonymous_29)
FNDA:0,(anonymous_30)
FNDA:0,(anonymous_31)
FNDA:0,(anonymous_32)
FNDA:0,(anonymous_33)
FNDA:0,(anonymous_34)
FNDA:0,(anonymous_35)
FNDA:0,(anonymous_36)
FNDA:0,(anonymous_37)
FNDA:0,(anonymous_38)
FNDA:0,(anonymous_39)
FNDA:0,(anonymous_40)
FNDA:0,(anonymous_41)
FNDA:0,(anonymous_42)
FNDA:0,(anonymous_43)
FNDA:0,(anonymous_44)
FNDA:0,(anonymous_45)
FNDA:0,(anonymous_46)
FNDA:0,(anonymous_47)
FNDA:0,(anonymous_48)
FNDA:0,(anonymous_49)
FNDA:0,(anonymous_50)
FNDA:0,(anonymous_51)
FNDA:0,(anonymous_52)
FNDA:0,(anonymous_53)
FNDA:0,(anonymous_54)
FNDA:0,(anonymous_55)
FNDA:0,(anonymous_56)
FNDA:0,(anonymous_57)
FNDA:0,(anonymous_58)
FNDA:0,(anonymous_59)
FNDA:0,(anonymous_60)
FNDA:0,(anonymous_61)
FNDA:0,(anonymous_62)
FNDA:0,(anonymous_63)
FNDA:0,(anonymous_64)
FNDA:0,(anonymous_65)
FNDA:0,(anonymous_66)
FNDA:0,(anonymous_67)
FNDA:0,(anonymous_68)
FNDA:0,(anonymous_69)
FNDA:0,(anonymous_70)
FNDA:0,(anonymous_71)
FNDA:0,(anonymous_72)
FNDA:0,(anonymous_73)
FNDA:0,(anonymous_74)
FNDA:0,(anonymous_75)
FNDA:0,(anonymous_76)
DA:11,0
DA:13,0
DA:15,0
DA:16,0
DA:17,0
DA:18,0
DA:19,0
DA:20,0
DA:22,0
DA:47,0
DA:55,0
DA:58,0
DA:59,0
DA:60,0
DA:61,0
DA:62,0
DA:68,0
DA:70,0
DA:71,0
DA:73,0
DA:77,0
DA:78,0
DA:79,0
DA:80,0
DA:81,0
DA:83,0
DA:84,0
DA:85,0
DA:88,0
DA:90,0
DA:94,0
DA:95,0
DA:96,0
DA:97,0
DA:99,0
DA:100,0
DA:101,0
DA:104,0
DA:106,0
DA:110,0
DA:111,0
DA:115,0
DA:116,0
DA:118,0
DA:119,0
DA:120,0
DA:123,0
DA:125,0
DA:129,0
DA:130,0
DA:131,0
DA:132,0
DA:134,0
DA:135,0
DA:136,0
DA:139,0
DA:141,0
DA:145,0
DA:146,0
DA:147,0
DA:148,0
DA:149,0
DA:150,0
DA:152,0
DA:160,0
DA:161,0
DA:162,0
DA:163,0
DA:164,0
DA:170,0
DA:171,0
DA:174,0
DA:175,0
DA:177,0
DA:181,0
DA:182,0
DA:183,0
DA:185,0
DA:186,0
DA:187,0
DA:189,0
DA:190,0
DA:192,0
DA:196,0
DA:197,0
DA:198,0
DA:199,0
DA:200,0
DA:202,0
DA:203,0
DA:205,0
DA:213,0
DA:214,0
DA:215,0
DA:221,0
DA:224,0
DA:225,0
DA:226,0
DA:227,0
DA:228,0
DA:230,0
DA:231,0
DA:233,0
DA:237,0
DA:238,0
DA:239,0
DA:240,0
DA:241,0
DA:243,0
DA:244,0
DA:246,0
DA:250,0
DA:251,0
DA:252,0
DA:259,0
DA:260,0
DA:261,0
DA:263,0
DA:266,0
DA:268,0
DA:272,0
DA:273,0
DA:274,0
DA:281,0
DA:282,0
DA:283,0
DA:285,0
DA:288,0
DA:290,0
DA:294,0
DA:295,0
DA:296,0
DA:297,0
DA:298,0
DA:299,0
DA:301,0
DA:305,0
DA:306,0
DA:307,0
DA:308,0
DA:309,0
DA:311,0
DA:312,0
DA:314,0
DA:318,0
DA:319,0
DA:320,0
DA:321,0
DA:322,0
DA:324,0
DA:325,0
DA:327,0
DA:331,0
DA:332,0
DA:333,0
DA:334,0
DA:335,0
DA:337,0
DA:338,0
DA:340,0
DA:344,0
DA:345,0
DA:346,0
DA:347,0
DA:348,0
DA:350,0
DA:351,0
DA:353,0
DA:357,0
DA:358,0
DA:359,0
DA:360,0
DA:361,0
DA:363,0
DA:364,0
DA:366,0
DA:370,0
DA:371,0
DA:372,0
DA:373,0
DA:374,0
DA:376,0
DA:377,0
DA:379,0
DA:383,0
DA:384,0
DA:387,0
DA:388,0
DA:389,0
DA:397,0
DA:400,0
DA:408,0
DA:412,0
DA:413,0
DA:414,0
DA:416,0
DA:417,0
DA:418,0
DA:419,0
DA:426,0
DA:428,0
DA:429,0
DA:431,0
DA:434,0
DA:446,0
DA:447,0
DA:448,0
DA:450,0
DA:451,0
DA:457,0
DA:458,0
DA:460,0
DA:461,0
DA:464,0
DA:465,0
DA:470,0
DA:478,0
DA:479,0
DA:480,0
DA:482,0
DA:483,0
DA:489,0
DA:490,0
DA:491,0
DA:494,0
DA:495,0
DA:500,0
DA:508,0
DA:509,0
DA:510,0
DA:512,0
DA:513,0
DA:519,0
DA:520,0
DA:526,0
DA:528,0
DA:529,0
DA:532,0
DA:533,0
DA:538,0
DA:546,0
DA:547,0
DA:548,0
DA:550,0
DA:551,0
DA:557,0
DA:559,0
DA:560,0
DA:563,0
DA:564,0
DA:569,0
DA:573,0
DA:574,0
DA:575,0
DA:577,0
DA:578,0
DA:584,0
DA:585,0
DA:588,0
DA:589,0
DA:594,0
DA:598,0
DA:599,0
DA:600,0
DA:602,0
DA:603,0
DA:605,0
DA:613,0
DA:614,0
DA:615,0
DA:617,0
DA:618,0
DA:624,0
DA:625,0
DA:628,0
DA:629,0
DA:634,0
DA:642,0
DA:643,0
DA:644,0
DA:646,0
DA:647,0
DA:650,0
DA:653,0
DA:655,0
DA:663,0
DA:664,0
DA:665,0
DA:666,0
DA:668,0
DA:669,0
DA:672,0
DA:673,0
DA:678,0
DA:686,0
DA:687,0
DA:688,0
DA:690,0
DA:691,0
DA:694,0
DA:695,0
DA:697,0
DA:705,0
DA:706,0
DA:707,0
DA:708,0
DA:710,0
DA:711,0
DA:713,0
DA:717,0
DA:718,0
DA:719,0
DA:720,0
DA:722,0
DA:723,0
DA:725,0
DA:729,0
DA:730,0
DA:731,0
DA:732,0
DA:734,0
DA:735,0
DA:737,0
DA:741,0
DA:742,0
DA:743,0
DA:744,0
DA:745,0
DA:746,0
DA:747,0
DA:750,0
DA:751,0
DA:753,0
DA:757,0
DA:758,0
DA:759,0
DA:760,0
DA:762,0
DA:763,0
DA:765,0
DA:773,0
DA:774,0
DA:775,0
DA:777,0
DA:778,0
DA:784,0
DA:785,0
DA:788,0
DA:791,0
DA:798,0
DA:810,0
DA:811,0
DA:813,0
DA:820,0
DA:829,0
DA:830,0
DA:832,0
LF:357
LH:0
BRDA:15,0,0,0
BRDA:15,0,1,0
BRDA:17,1,0,0
BRDA:17,1,1,0
BRDA:19,2,0,0
BRDA:19,2,1,0
BRDA:61,3,0,0
BRDA:61,3,1,0
BRDA:79,4,0,0
BRDA:79,4,1,0
BRDA:163,5,0,0
BRDA:163,5,1,0
BRDA:163,6,0,0
BRDA:163,6,1,0
BRDA:183,7,0,0
BRDA:183,7,1,0
BRDA:214,8,0,0
BRDA:214,8,1,0
BRDA:216,9,0,0
BRDA:216,9,1,0
BRDA:217,10,0,0
BRDA:217,10,1,0
BRDA:218,11,0,0
BRDA:218,11,1,0
BRDA:253,12,0,0
BRDA:253,12,1,0
BRDA:254,13,0,0
BRDA:254,13,1,0
BRDA:255,14,0,0
BRDA:255,14,1,0
BRDA:275,15,0,0
BRDA:275,15,1,0
BRDA:276,16,0,0
BRDA:276,16,1,0
BRDA:277,17,0,0
BRDA:277,17,1,0
BRDA:388,18,0,0
BRDA:388,18,1,0
BRDA:409,19,0,0
BRDA:409,19,1,0
BRDA:417,20,0,0
BRDA:417,20,1,0
BRDA:450,21,0,0
BRDA:450,21,1,0
BRDA:482,22,0,0
BRDA:482,22,1,0
BRDA:512,23,0,0
BRDA:512,23,1,0
BRDA:519,24,0,0
BRDA:519,24,1,0
BRDA:550,25,0,0
BRDA:550,25,1,0
BRDA:577,26,0,0
BRDA:577,26,1,0
BRDA:617,27,0,0
BRDA:617,27,1,0
BRDA:744,28,0,0
BRDA:744,28,1,0
BRDA:745,29,0,0
BRDA:745,29,1,0
BRDA:777,30,0,0
BRDA:777,30,1,0
BRDA:810,31,0,0
BRDA:810,31,1,0
BRDA:811,32,0,0
BRDA:811,32,1,0
BRDA:829,33,0,0
BRDA:829,33,1,0
BRF:68
BRH:0
end_of_record
TN:
SF:src/pool/sdkManager.ts
FN:84,(anonymous_0)
FN:108,(anonymous_1)
FN:113,(anonymous_2)
FN:122,(anonymous_3)
FN:151,(anonymous_4)
FN:191,(anonymous_5)
FN:212,(anonymous_6)
FN:230,(anonymous_7)
FN:254,(anonymous_8)
FN:271,(anonymous_9)
FN:283,(anonymous_10)
FN:306,(anonymous_11)
FN:310,(anonymous_12)
FN:311,(anonymous_13)
FNF:14
FNH:0
FNDA:0,(anonymous_0)
FNDA:0,(anonymous_1)
FNDA:0,(anonymous_2)
FNDA:0,(anonymous_3)
FNDA:0,(anonymous_4)
FNDA:0,(anonymous_5)
FNDA:0,(anonymous_6)
FNDA:0,(anonymous_7)
FNDA:0,(anonymous_8)
FNDA:0,(anonymous_9)
FNDA:0,(anonymous_10)
FNDA:0,(anonymous_11)
FNDA:0,(anonymous_12)
FNDA:0,(anonymous_13)
DA:64,0
DA:68,0
DA:94,0
DA:95,0
DA:97,0
DA:106,0
DA:109,0
DA:112,0
DA:113,0
DA:129,0
DA:152,0
DA:153,0
DA:156,0
DA:157,0
DA:158,0
DA:159,0
DA:160,0
DA:164,0
DA:165,0
DA:166,0
DA:167,0
DA:174,0
DA:175,0
DA:177,0
DA:183,0
DA:192,0
DA:193,0
DA:194,0
DA:195,0
DA:216,0
DA:217,0
DA:218,0
DA:220,0
DA:231,0
DA:232,0
DA:234,0
DA:235,0
DA:236,0
DA:237,0
DA:241,0
DA:242,0
DA:243,0
DA:244,0
DA:247,0
DA:255,0
DA:256,0
DA:258,0
DA:259,0
DA:260,0
DA:261,0
DA:262,0
DA:267,0
DA:268,0
DA:269,0
DA:271,0
DA:272,0
DA:275,0
DA:276,0
DA:284,0
DA:291,0
DA:292,0
DA:293,0
DA:295,0
DA:297,0
DA:300,0
DA:307,0
DA:310,0
DA:311,0
DA:312,0
DA:316,0
DA:317,0
DA:318,0
LF:72
LH:0
BRDA:98,0,0,0
BRDA:98,0,1,0
BRDA:99,1,0,0
BRDA:99,1,1,0
BRDA:100,2,0,0
BRDA:100,2,1,0
BRDA:101,3,0,0
BRDA:101,3,1,0
BRDA:102,4,0,0
BRDA:102,4,1,0
BRDA:107,5,0,0
BRDA:107,5,1,0
BRDA:156,6,0,0
BRDA:156,6,1,0
BRDA:164,7,0,0
BRDA:164,7,1,0
BRDA:166,8,0,0
BRDA:166,8,1,0
BRDA:193,9,0,0
BRDA:193,9,1,0
BRDA:235,10,0,0
BRDA:235,10,1,0
BRDA:235,11,0,0
BRDA:235,11,1,0
BRDA:241,12,0,0
BRDA:241,12,1,0
BRDA:259,13,0,0
BRDA:259,13,1,0
BRDA:261,14,0,0
BRDA:261,14,1,0
BRDA:269,15,0,0
BRDA:269,15,1,0
BRDA:292,16,0,0
BRDA:292,16,1,0
BRF:34
BRH:0
end_of_record
TN:
SF:src/services/fireblocks.service.ts
FN:92,(anonymous_0)
FN:171,(anonymous_1)
FN:183,(anonymous_2)
FN:264,(anonymous_3)
FN:360,(anonymous_4)
FN:382,(anonymous_5)
FN:403,(anonymous_6)
FN:533,(anonymous_7)
FNF:8
FNH:0
FNDA:0,(anonymous_0)
FNDA:0,(anonymous_1)
FNDA:0,(anonymous_2)
FNDA:0,(anonymous_3)
FNDA:0,(anonymous_4)
FNDA:0,(anonymous_5)
FNDA:0,(anonymous_6)
FNDA:0,(anonymous_7)
DA:62,0
DA:93,0
DA:171,0
DA:176,0
DA:177,0
DA:178,0
DA:179,0
DA:182,0
DA:183,0
DA:185,0
DA:186,0
DA:191,0
DA:193,0
DA:194,0
DA:264,0
DA:268,0
DA:270,0
DA:275,0
DA:276,0
DA:277,0
DA:279,0
DA:282,0
DA:291,0
DA:360,0
DA:371,0
DA:372,0
DA:376,0
DA:377,0
DA:379,0
DA:381,0
DA:382,0
DA:388,0
DA:393,0
DA:394,0
DA:397,0
DA:398,0
DA:399,0
DA:403,0
DA:411,0
DA:418,0
DA:429,0
DA:430,0
DA:432,0
DA:441,0
DA:442,0
DA:444,0
DA:445,0
DA:446,0
DA:447,0
DA:449,0
DA:450,0
DA:453,0
DA:456,0
DA:457,0
DA:459,0
DA:533,0
DA:539,0
DA:540,0
DA:547,0
DA:549,0
DA:550,0
DA:555,0
DA:557,0
DA:558,0
LF:64
LH:0
BRDA:174,0,0,0
BRDA:178,1,0,0
BRDA:178,1,1,0
BRDA:178,2,0,0
BRDA:178,2,1,0
BRDA:185,3,0,0
BRDA:185,3,1,0
BRDA:193,4,0,0
BRDA:193,4,1,0
BRDA:276,5,0,0
BRDA:276,5,1,0
BRDA:282,6,0,0
BRDA:282,6,1,0
BRDA:284,7,0,0
BRDA:284,7,1,0
BRDA:284,8,0,0
BRDA:284,8,1,0
BRDA:284,8,2,0
BRDA:284,8,3,0
BRDA:377,9,0,0
BRDA:377,9,1,0
BRDA:381,10,0,0
BRDA:381,10,1,0
BRDA:381,11,0,0
BRDA:381,11,1,0
BRDA:397,12,0,0
BRDA:397,12,1,0
BRDA:411,13,0,0
BRDA:411,13,1,0
BRDA:425,14,0,0
BRDA:425,14,1,0
BRDA:430,15,0,0
BRDA:430,15,1,0
BRDA:444,16,0,0
BRDA:444,16,1,0
BRDA:447,17,0,0
BRDA:447,17,1,0
BRDA:449,18,0,0
BRDA:449,18,1,0
BRDA:457,19,0,0
BRDA:457,19,1,0
BRDA:536,20,0,0
BRDA:537,21,0,0
BRDA:549,22,0,0
BRDA:549,22,1,0
BRDA:557,23,0,0
BRDA:557,23,1,0
BRF:47
BRH:0
end_of_record
TN:
SF:src/services/iagon.api.service.ts
FN:55,(anonymous_0)
FN:103,(anonymous_1)
FN:131,(anonymous_2)
FN:145,(anonymous_3)
FN:158,(anonymous_4)
FN:172,(anonymous_5)
FN:190,(anonymous_6)
FN:210,(anonymous_7)
FN:230,(anonymous_8)
FN:250,(anonymous_9)
FN:274,(anonymous_10)
FN:290,(anonymous_11)
FN:297,(anonymous_12)
FN:304,(anonymous_13)
FN:327,(anonymous_14)
FN:352,(anonymous_15)
FN:372,(anonymous_16)
FN:389,(anonymous_17)
FN:406,(anonymous_18)
FN:423,(anonymous_19)
FN:440,(anonymous_20)
FN:461,(anonymous_21)
FN:475,(anonymous_22)
FN:497,(anonymous_23)
FN:519,(anonymous_24)
FN:545,(anonymous_25)
FN:559,(anonymous_26)
FN:588,(anonymous_27)
FN:652,(anonymous_28)
FN:678,(anonymous_29)
FN:682,(anonymous_30)
FNF:31
FNH:0
FNDA:0,(anonymous_0)
FNDA:0,(anonymous_1)
FNDA:0,(anonymous_2)
FNDA:0,(anonymous_3)
FNDA:0,(anonymous_4)
FNDA:0,(anonymous_5)
FNDA:0,(anonymous_6)
FNDA:0,(anonymous_7)
FNDA:0,(anonymous_8)
FNDA:0,(anonymous_9)
FNDA:0,(anonymous_10)
FNDA:0,(anonymous_11)
FNDA:0,(anonymous_12)
FNDA:0,(anonymous_13)
FNDA:0,(anonymous_14)
FNDA:0,(anonymous_15)
FNDA:0,(anonymous_16)
FNDA:0,(anonymous_17)
FNDA:0,(anonymous_18)
FNDA:0,(anonymous_19)
FNDA:0,(anonymous_20)
FNDA:0,(anonymous_21)
FNDA:0,(anonymous_22)
FNDA:0,(anonymous_23)
FNDA:0,(anonymous_24)
FNDA:0,(anonymous_25)
FNDA:0,(anonymous_26)
FNDA:0,(anonymous_27)
FNDA:0,(anonymous_28)
FNDA:0,(anonymous_29)
FNDA:0,(anonymous_30)
DA:44,0
DA:46,0
DA:48,0
DA:52,0
DA:62,0
DA:63,0
DA:70,0
DA:71,0
DA:73,0
DA:74,0
DA:80,0
DA:86,0
DA:87,0
DA:88,0
DA:91,0
DA:103,0
DA:104,0
DA:105,0
DA:106,0
DA:108,0
DA:109,0
DA:111,0
DA:112,0
DA:120,0
DA:121,0
DA:131,0
DA:132,0
DA:133,0
DA:134,0
DA:136,0
DA:137,0
DA:139,0
DA:141,0
DA:145,0
DA:146,0
DA:147,0
DA:148,0
DA:149,0
DA:150,0
DA:152,0
DA:154,0
DA:158,0
DA:159,0
DA:160,0
DA:161,0
DA:163,0
DA:164,0
DA:166,0
DA:168,0
DA:172,0
DA:175,0
DA:177,0
DA:178,0
DA:179,0
DA:181,0
DA:182,0
DA:184,0
DA:186,0
DA:190,0
DA:193,0
DA:194,0
DA:195,0
DA:196,0
DA:198,0
DA:199,0
DA:201,0
DA:203,0
DA:210,0
DA:213,0
DA:214,0
DA:215,0
DA:216,0
DA:218,0
DA:219,0
DA:221,0
DA:223,0
DA:231,0
DA:232,0
DA:234,0
DA:235,0
DA:237,0
DA:238,0
DA:240,0
DA:241,0
DA:244,0
DA:255,0
DA:256,0
DA:257,0
DA:258,0
DA:259,0
DA:263,0
DA:265,0
DA:266,0
DA:268,0
DA:270,0
DA:274,0
DA:277,0
DA:278,0
DA:279,0
DA:281,0
DA:282,0
DA:284,0
DA:286,0
DA:290,0
DA:293,0
DA:294,0
DA:297,0
DA:300,0
DA:301,0
DA:304,0
DA:308,0
DA:309,0
DA:311,0
DA:313,0
DA:315,0
DA:316,0
DA:318,0
DA:320,0
DA:327,0
DA:333,0
DA:334,0
DA:335,0
DA:337,0
DA:338,0
DA:340,0
DA:342,0
DA:352,0
DA:353,0
DA:354,0
DA:355,0
DA:357,0
DA:358,0
DA:360,0
DA:362,0
DA:372,0
DA:373,0
DA:374,0
DA:375,0
DA:377,0
DA:378,0
DA:380,0
DA:382,0
DA:389,0
DA:390,0
DA:391,0
DA:392,0
DA:394,0
DA:395,0
DA:397,0
DA:399,0
DA:406,0
DA:407,0
DA:408,0
DA:409,0
DA:411,0
DA:412,0
DA:414,0
DA:416,0
DA:423,0
DA:424,0
DA:425,0
DA:426,0
DA:428,0
DA:429,0
DA:431,0
DA:433,0
DA:440,0
DA:445,0
DA:446,0
DA:447,0
DA:449,0
DA:450,0
DA:452,0
DA:454,0
DA:461,0
DA:462,0
DA:463,0
DA:464,0
DA:466,0
DA:467,0
DA:469,0
DA:471,0
DA:475,0
DA:481,0
DA:482,0
DA:483,0
DA:485,0
DA:486,0
DA:488,0
DA:490,0
DA:497,0
DA:503,0
DA:504,0
DA:505,0
DA:507,0
DA:508,0
DA:510,0
DA:512,0
DA:519,0
DA:524,0
DA:525,0
DA:526,0
DA:528,0
DA:529,0
DA:531,0
DA:533,0
DA:545,0
DA:546,0
DA:547,0
DA:548,0
DA:550,0
DA:551,0
DA:553,0
DA:555,0
DA:559,0
DA:565,0
DA:566,0
DA:567,0
DA:569,0
DA:570,0
DA:572,0
DA:574,0
DA:588,0
DA:593,0
DA:594,0
DA:597,0
DA:598,0
DA:599,0
DA:600,0
DA:601,0
DA:602,0
DA:605,0
DA:608,0
DA:609,0
DA:617,0
DA:620,0
DA:621,0
DA:623,0
DA:624,0
DA:627,0
DA:632,0
DA:636,0
DA:638,0
DA:640,0
DA:653,0
DA:654,0
DA:655,0
DA:656,0
DA:657,0
DA:659,0
DA:660,0
DA:661,0
DA:662,0
DA:663,0
DA:666,0
DA:669,0
DA:670,0
DA:671,0
DA:679,0
DA:682,0
LF:260
LH:0
BRDA:57,0,0,0
BRDA:58,1,0,0
BRDA:59,2,0,0
BRDA:62,3,0,0
BRDA:62,3,1,0
BRDA:62,4,0,0
BRDA:62,4,1,0
BRDA:70,5,0,0
BRDA:70,5,1,0
BRDA:71,6,0,0
BRDA:71,6,1,0
BRDA:73,7,0,0
BRDA:73,7,1,0
BRDA:97,8,0,0
BRDA:97,8,1,0
BRDA:108,9,0,0
BRDA:108,9,1,0
BRDA:120,10,0,0
BRDA:120,10,1,0
BRDA:136,11,0,0
BRDA:136,11,1,0
BRDA:149,12,0,0
BRDA:149,12,1,0
BRDA:163,13,0,0
BRDA:163,13,1,0
BRDA:175,14,0,0
BRDA:181,15,0,0
BRDA:181,15,1,0
BRDA:193,16,0,0
BRDA:198,17,0,0
BRDA:198,17,1,0
BRDA:213,18,0,0
BRDA:218,19,0,0
BRDA:218,19,1,0
BRDA:234,20,0,0
BRDA:234,20,1,0
BRDA:237,21,0,0
BRDA:237,21,1,0
BRDA:240,22,0,0
BRDA:240,22,1,0
BRDA:260,23,0,0
BRDA:260,23,1,0
BRDA:265,24,0,0
BRDA:265,24,1,0
BRDA:281,25,0,0
BRDA:281,25,1,0
BRDA:306,26,0,0
BRDA:315,27,0,0
BRDA:315,27,1,0
BRDA:329,28,0,0
BRDA:330,29,0,0
BRDA:331,30,0,0
BRDA:337,31,0,0
BRDA:337,31,1,0
BRDA:357,32,0,0
BRDA:357,32,1,0
BRDA:377,33,0,0
BRDA:377,33,1,0
BRDA:394,34,0,0
BRDA:394,34,1,0
BRDA:411,35,0,0
BRDA:411,35,1,0
BRDA:428,36,0,0
BRDA:428,36,1,0
BRDA:442,37,0,0
BRDA:443,38,0,0
BRDA:449,39,0,0
BRDA:449,39,1,0
BRDA:466,40,0,0
BRDA:466,40,1,0
BRDA:477,41,0,0
BRDA:478,42,0,0
BRDA:479,43,0,0
BRDA:485,44,0,0
BRDA:485,44,1,0
BRDA:499,45,0,0
BRDA:500,46,0,0
BRDA:501,47,0,0
BRDA:507,48,0,0
BRDA:507,48,1,0
BRDA:521,49,0,0
BRDA:522,50,0,0
BRDA:528,51,0,0
BRDA:528,51,1,0
BRDA:550,52,0,0
BRDA:550,52,1,0
BRDA:561,53,0,0
BRDA:562,54,0,0
BRDA:563,55,0,0
BRDA:569,56,0,0
BRDA:569,56,1,0
BRDA:591,57,0,0
BRDA:597,58,0,0
BRDA:597,58,1,0
BRDA:599,59,0,0
BRDA:599,59,1,0
BRDA:601,60,0,0
BRDA:601,60,1,0
BRDA:623,61,0,0
BRDA:623,61,1,0
BRDA:653,62,0,0
BRDA:653,62,1,0
BRDA:653,63,0,0
BRDA:653,63,1,0
BRDA:657,64,0,0
BRDA:657,64,1,0
BRDA:661,65,0,0
BRDA:661,65,1,0
BRF:108
BRH:0
end_of_record
TN:
SF:src/services/staking/staking.service.ts
FN:94,(anonymous_0)
FN:140,(anonymous_1)
FN:190,(anonymous_2)
FN:239,(anonymous_3)
FN:279,(anonymous_4)
FN:320,(anonymous_5)
FN:349,(anonymous_6)
FN:383,(anonymous_7)
FN:438,(anonymous_8)
FN:499,(anonymous_9)
FN:563,(anonymous_10)
FN:570,(anonymous_11)
FN:583,(anonymous_12)
FN:596,(anonymous_13)
FN:609,(anonymous_14)
FN:623,(anonymous_15)
FN:644,(anonymous_16)
FN:708,(anonymous_17)
FN:732,(anonymous_18)
FN:755,(anonymous_19)
FN:781,(anonymous_20)
FN:798,(anonymous_21)
FN:840,(anonymous_22)
FN:852,(anonymous_23)
FN:869,(anonymous_24)
FNF:25
FNH:0
FNDA:0,(anonymous_0)
FNDA:0,(anonymous_1)
FNDA:0,(anonymous_2)
FNDA:0,(anonymous_3)
FNDA:0,(anonymous_4)
FNDA:0,(anonymous_5)
FNDA:0,(anonymous_6)
FNDA:0,(anonymous_7)
FNDA:0,(anonymous_8)
FNDA:0,(anonymous_9)
FNDA:0,(anonymous_10)
FNDA:0,(anonymous_11)
FNDA:0,(anonymous_12)
FNDA:0,(anonymous_13)
FNDA:0,(anonymous_14)
FNDA:0,(anonymous_15)
FNDA:0,(anonymous_16)
FNDA:0,(anonymous_17)
FNDA:0,(anonymous_18)
FNDA:0,(anonymous_19)
FNDA:0,(anonymous_20)
FNDA:0,(anonymous_21)
FNDA:0,(anonymous_22)
FNDA:0,(anonymous_23)
FNDA:0,(anonymous_24)
DA:76,0
DA:77,0
DA:99,0
DA:102,0
DA:103,0
DA:108,0
DA:114,0
DA:120,0
DA:121,0
DA:122,0
DA:127,0
DA:128,0
DA:129,0
DA:147,0
DA:149,0
DA:151,0
DA:152,0
DA:154,0
DA:155,0
DA:158,0
DA:159,0
DA:164,0
DA:171,0
DA:173,0
DA:175,0
DA:183,0
DA:191,0
DA:193,0
DA:195,0
DA:196,0
DA:198,0
DA:199,0
DA:204,0
DA:208,0
DA:212,0
DA:214,0
DA:224,0
DA:226,0
DA:232,0
DA:242,0
DA:244,0
DA:246,0
DA:247,0
DA:249,0
DA:250,0
DA:251,0
DA:258,0
DA:259,0
DA:264,0
DA:266,0
DA:272,0
DA:282,0
DA:283,0
DA:285,0
DA:286,0
DA:288,0
DA:290,0
DA:291,0
DA:296,0
DA:300,0
DA:303,0
DA:304,0
DA:311,0
DA:312,0
DA:320,0
DA:321,0
DA:322,0
DA:323,0
DA:324,0
DA:335,0
DA:337,0
DA:338,0
DA:343,0
DA:344,0
DA:346,0
DA:349,0
DA:350,0
DA:356,0
DA:358,0
DA:360,0
DA:363,0
DA:364,0
DA:367,0
DA:369,0
DA:376,0
DA:384,0
DA:390,0
DA:392,0
DA:394,0
DA:395,0
DA:397,0
DA:398,0
DA:403,0
DA:407,0
DA:408,0
DA:410,0
DA:412,0
DA:423,0
DA:425,0
DA:431,0
DA:439,0
DA:445,0
DA:447,0
DA:449,0
DA:450,0
DA:455,0
DA:460,0
DA:466,0
DA:467,0
DA:469,0
DA:480,0
DA:484,0
DA:492,0
DA:500,0
DA:507,0
DA:509,0
DA:513,0
DA:515,0
DA:516,0
DA:521,0
DA:526,0
DA:533,0
DA:535,0
DA:546,0
DA:548,0
DA:556,0
DA:564,0
DA:571,0
DA:572,0
DA:573,0
DA:574,0
DA:576,0
DA:584,0
DA:585,0
DA:586,0
DA:587,0
DA:589,0
DA:597,0
DA:598,0
DA:599,0
DA:600,0
DA:602,0
DA:610,0
DA:611,0
DA:612,0
DA:613,0
DA:615,0
DA:626,0
DA:627,0
DA:629,0
DA:631,0
DA:667,0
DA:671,0
DA:672,0
DA:685,0
DA:686,0
DA:694,0
DA:695,0
DA:698,0
DA:703,0
DA:705,0
DA:714,0
DA:718,0
DA:719,0
DA:721,0
DA:737,0
DA:741,0
DA:746,0
DA:753,0
DA:755,0
DA:756,0
DA:757,0
DA:759,0
DA:760,0
DA:772,0
DA:773,0
DA:775,0
DA:776,0
DA:778,0
DA:781,0
DA:782,0
DA:788,0
DA:789,0
DA:791,0
DA:794,0
DA:821,0
DA:823,0
DA:837,0
DA:841,0
DA:842,0
DA:853,0
DA:854,0
DA:870,0
DA:871,0
LF:194
LH:0
BRDA:97,0,0,0
BRDA:145,1,0,0
BRDA:146,2,0,0
BRDA:154,3,0,0
BRDA:154,3,1,0
BRDA:191,4,0,0
BRDA:242,5,0,0
BRDA:249,6,0,0
BRDA:249,6,1,0
BRDA:303,7,0,0
BRDA:303,7,1,0
BRDA:303,8,0,0
BRDA:303,8,1,0
BRDA:311,9,0,0
BRDA:311,9,1,0
BRDA:343,10,0,0
BRDA:343,10,1,0
BRDA:356,11,0,0
BRDA:356,11,1,0
BRDA:389,12,0,0
BRDA:443,13,0,0
BRDA:444,14,0,0
BRDA:506,15,0,0
BRDA:513,16,0,0
BRDA:513,16,1,0
BRDA:513,17,0,0
BRDA:513,17,1,0
BRDA:583,18,0,0
BRDA:596,19,0,0
BRDA:665,20,0,0
BRDA:666,21,0,0
BRDA:671,22,0,0
BRDA:671,22,1,0
BRDA:756,23,0,0
BRDA:756,23,1,0
BRDA:757,24,0,0
BRDA:757,24,1,0
BRDA:775,25,0,0
BRDA:775,25,1,0
BRDA:775,26,0,0
BRDA:775,26,1,0
BRDA:788,27,0,0
BRDA:788,27,1,0
BRDA:819,28,0,0
BRDA:820,29,0,0
BRDA:841,30,0,0
BRDA:841,30,1,0
BRDA:841,31,0,0
BRDA:841,31,1,0
BRDA:853,32,0,0
BRDA:853,32,1,0
BRDA:853,33,0,0
BRDA:853,33,1,0
BRDA:870,34,0,0
BRDA:870,34,1,0
BRDA:872,35,0,0
BRDA:872,35,1,0
BRDA:872,35,2,0
BRF:58
BRH:0
end_of_record
TN:
SF:src/services/staking/helpers/address-resolver.helper.ts
FN:17,(anonymous_0)
FN:23,(anonymous_1)
FN:28,(anonymous_2)
FN:52,(anonymous_3)
FN:55,(anonymous_4)
FN:58,(anonymous_5)
FNF:6
FNH:0
FNDA:0,(anonymous_0)
FNDA:0,(anonymous_1)
FNDA:0,(anonymous_2)
FNDA:0,(anonymous_3)
FNDA:0,(anonymous_4)
FNDA:0,(anonymous_5)
DA:18,0
DA:19,0
DA:20,0
DA:24,0
DA:25,0
DA:29,0
DA:34,0
DA:36,0
DA:37,0
DA:46,0
DA:53,0
DA:54,0
DA:55,0
DA:58,0
LF:14
LH:0
BRDA:36,0,0,0
BRDA:36,0,1,0
BRDA:48,1,0,0
BRDA:48,1,1,0
BRDA:53,2,0,0
BRDA:53,2,1,0
BRDA:55,3,0,0
BRDA:55,3,1,0
BRF:8
BRH:0
end_of_record
TN:
SF:src/services/staking/helpers/network-config.helper.ts
FN:13,(anonymous_0)
FN:18,(anonymous_1)
FNF:2
FNH:0
FNDA:0,(anonymous_0)
FNDA:0,(anonymous_1)
DA:14,0
DA:15,0
DA:19,0
LF:3
LH:0
BRDA:15,0,0,0
BRDA:15,0,1,0
BRF:2
BRH:0
end_of_record
TN:
SF:src/services/staking/helpers/registration-verifier.helper.ts
FN:11,(anonymous_0)
FN:16,(anonymous_1)
FN:17,(anonymous_2)
FN:18,(anonymous_3)
FN:24,(anonymous_4)
FN:38,(anonymous_5)
FN:39,(anonymous_6)
FNF:7
FNH:0
FNDA:0,(anonymous_0)
FNDA:0,(anonymous_1)
FNDA:0,(anonymous_2)
FNDA:0,(anonymous_3)
FNDA:0,(anonymous_4)
FNDA:0,(anonymous_5)
FNDA:0,(anonymous_6)
DA:12,0
DA:13,0
DA:17,0
DA:18,0
DA:19,0
DA:25,0
DA:27,0
DA:29,0
DA:30,0
DA:31,0
DA:32,0
DA:34,0
DA:39,0
LF:13
LH:0
BRDA:29,0,0,0
BRDA:29,0,1,0
BRF:2
BRH:0
end_of_record
TN:
SF:src/services/staking/helpers/rewards-query.helper.ts
FN:11,(anonymous_0)
FN:16,(anonymous_1)
FN:22,(anonymous_2)
FN:44,(anonymous_3)
FNF:4
FNH:0
FNDA:0,(anonymous_0)
FNDA:0,(anonymous_1)
FNDA:0,(anonymous_2)
FNDA:0,(anonymous_3)
DA:12,0
DA:13,0
DA:17,0
DA:22,0
DA:28,0
DA:29,0
DA:30,0
DA:32,0
DA:36,0
DA:50,0
DA:51,0
DA:53,0
DA:55,0
DA:56,0
DA:57,0
DA:58,0
DA:59,0
DA:62,0
DA:64,0
DA:69,0
LF:20
LH:0
BRDA:56,0,0,0
BRDA:56,0,1,0
BRDA:58,1,0,0
BRDA:58,1,1,0
BRF:4
BRH:0
end_of_record
TN:
SF:src/services/staking/helpers/staking-validator.helper.ts
FN:12,(anonymous_0)
FN:18,(anonymous_1)
FN:35,(anonymous_2)
FN:56,(anonymous_3)
FNF:4
FNH:0
FNDA:0,(anonymous_0)
FNDA:0,(anonymous_1)
FNDA:0,(anonymous_2)
FNDA:0,(anonymous_3)
DA:13,0
DA:14,0
DA:15,0
DA:22,0
DA:24,0
DA:25,0
DA:36,0
DA:37,0
DA:39,0
DA:40,0
DA:49,0
DA:50,0
DA:53,0
DA:57,0
DA:58,0
DA:59,0
DA:60,0
DA:62,0
DA:63,0
LF:19
LH:0
BRDA:24,0,0,0
BRDA:24,0,1,0
BRDA:24,1,0,0
BRDA:24,1,1,0
BRDA:39,2,0,0
BRDA:39,2,1,0
BRDA:49,3,0,0
BRDA:49,3,1,0
BRF:8
BRH:0
end_of_record
TN:
SF:src/services/staking/helpers/transaction-builder.helper.ts
FN:16,(anonymous_0)
FN:22,(anonymous_1)
FN:40,(anonymous_2)
FN:49,(anonymous_3)
FN:51,(anonymous_4)
FNF:5
FNH:0
FNDA:0,(anonymous_0)
FNDA:0,(anonymous_1)
FNDA:0,(anonymous_2)
FNDA:0,(anonymous_3)
FNDA:0,(anonymous_4)
DA:17,0
DA:18,0
DA:19,0
DA:25,0
DA:41,0
DA:42,0
DA:43,0
DA:44,0
DA:49,0
DA:52,0
LF:10
LH:0
BRF:0
BRH:0
end_of_record
TN:
SF:src/services/staking/helpers/transaction-logger.helper.ts
FN:10,(anonymous_0)
FN:12,(anonymous_1)
FN:24,(anonymous_2)
FNF:3
FNH:0
FNDA:0,(anonymous_0)
FNDA:0,(anonymous_1)
FNDA:0,(anonymous_2)
DA:10,0
DA:18,0
DA:19,0
DA:20,0
DA:21,0
DA:23,0
DA:24,0
DA:25,0
DA:26,0
DA:29,0
DA:30,0
LF:11
LH:0
BRF:0
BRH:0
end_of_record
TN:
SF:src/services/staking/helpers/transaction-signer.helper.ts
FN:26,(anonymous_0)
FN:33,(anonymous_1)
FN:60,(anonymous_2)
FN:80,(anonymous_3)
FN:100,(anonymous_4)
FN:122,(anonymous_5)
FN:127,(anonymous_6)
FN:135,(anonymous_7)
FN:140,(anonymous_8)
FNF:9
FNH:0
FNDA:0,(anonymous_0)
FNDA:0,(anonymous_1)
FNDA:0,(anonymous_2)
FNDA:0,(anonymous_3)
FNDA:0,(anonymous_4)
FNDA:0,(anonymous_5)
FNDA:0,(anonymous_6)
FNDA:0,(anonymous_7)
FNDA:0,(anonymous_8)
DA:27,0
DA:28,0
DA:29,0
DA:30,0
DA:34,0
DA:35,0
DA:37,0
DA:39,0
DA:41,0
DA:42,0
DA:45,0
DA:47,0
DA:52,0
DA:54,0
DA:56,0
DA:61,0
DA:91,0
DA:92,0
DA:104,0
DA:119,0
DA:123,0
DA:124,0
DA:135,0
DA:140,0
DA:141,0
DA:144,0
LF:26
LH:0
BRDA:41,0,0,0
BRDA:41,0,1,0
BRDA:91,1,0,0
BRDA:91,1,1,0
BRDA:91,2,0,0
BRDA:91,2,1,0
BRDA:93,3,0,0
BRDA:93,3,1,0
BRF:8
BRH:0
end_of_record
TN:
SF:src/services/staking/helpers/utxo-provider.helper.ts
FN:21,(anonymous_0)
FN:28,(anonymous_1)
FN:55,(anonymous_2)
FN:74,(anonymous_3)
FN:87,(anonymous_4)
FNF:5
FNH:0
FNDA:0,(anonymous_0)
FNDA:0,(anonymous_1)
FNDA:0,(anonymous_2)
FNDA:0,(anonymous_3)
FNDA:0,(anonymous_4)
DA:22,0
DA:23,0
DA:24,0
DA:25,0
DA:32,0
DA:34,0
DA:35,0
DA:36,0
DA:39,0
DA:41,0
DA:42,0
DA:49,0
DA:52,0
DA:56,0
DA:61,0
DA:62,0
DA:71,0
DA:78,0
DA:80,0
DA:81,0
DA:84,0
DA:88,0
DA:89,0
LF:23
LH:0
BRDA:35,0,0,0
BRDA:35,0,1,0
BRDA:35,1,0,0
BRDA:35,1,1,0
BRDA:41,2,0,0
BRDA:41,2,1,0
BRDA:44,3,0,0
BRDA:44,3,1,0
BRDA:61,4,0,0
BRDA:61,4,1,0
BRDA:61,5,0,0
BRDA:61,5,1,0
BRDA:80,6,0,0
BRDA:80,6,1,0
BRDA:80,7,0,0
BRDA:80,7,1,0
BRF:16
BRH:0
end_of_record
TN:
SF:src/services/staking/types/staking.interfaces.ts
FNF:0
FNH:0
DA:18,0
DA:19,0
DA:20,0
DA:21,0
DA:22,0
LF:5
LH:0
BRF:0
BRH:0
end_of_record
TN:
SF:src/types/enums.ts
FN:1,(anonymous_0)
FN:7,(anonymous_1)
FN:19,(anonymous_2)
FN:26,(anonymous_3)
FN:32,(anonymous_4)
FN:39,(anonymous_5)
FN:47,(anonymous_6)
FN:56,(anonymous_7)
FN:66,(anonymous_8)
FN:82,(anonymous_9)
FN:88,(anonymous_10)
FNF:11
FNH:11
FNDA:1,(anonymous_0)
FNDA:1,(anonymous_1)
FNDA:1,(anonymous_2)
FNDA:1,(anonymous_3)
FNDA:1,(anonymous_4)
FNDA:1,(anonymous_5)
FNDA:1,(anonymous_6)
FNDA:1,(anonymous_7)
FNDA:1,(anonymous_8)
FNDA:1,(anonymous_9)
FNDA:1,(anonymous_10)
DA:1,1
DA:2,1
DA:3,1
DA:4,1
DA:7,1
DA:8,1
DA:9,1
DA:10,1
DA:11,1
DA:12,1
DA:19,1
DA:21,1
DA:23,1
DA:26,1
DA:27,1
DA:28,1
DA:29,1
DA:32,1
DA:33,1
DA:34,1
DA:35,1
DA:36,1
DA:39,1
DA:40,1
DA:41,1
DA:42,1
DA:43,1
DA:44,1
DA:47,1
DA:48,1
DA:49,1
DA:50,1
DA:56,1
DA:57,1
DA:58,1
DA:59,1
DA:60,1
DA:66,1
DA:68,1
DA:69,1
DA:70,1
DA:73,1
DA:74,1
DA:75,1
DA:76,1
DA:82,1
DA:83,1
DA:84,1
DA:85,1
DA:88,1
DA:89,1
DA:90,1
DA:91,1
DA:92,1
DA:93,1
DA:94,1
DA:95,1
LF:57
LH:57
BRDA:1,0,0,1
BRDA:1,0,1,1
BRDA:7,1,0,1
BRDA:7,1,1,1
BRDA:19,2,0,1
BRDA:19,2,1,1
BRDA:26,3,0,1
BRDA:26,3,1,1
BRDA:32,4,0,1
BRDA:32,4,1,1
BRDA:39,5,0,1
BRDA:39,5,1,1
BRDA:47,6,0,1
BRDA:47,6,1,1
BRDA:56,7,0,1
BRDA:56,7,1,1
BRDA:66,8,0,1
BRDA:66,8,1,1
BRDA:82,9,0,1
BRDA:82,9,1,1
BRDA:88,10,0,1
BRDA:88,10,1,1
BRF:22
BRH:22
end_of_record
TN:
SF:src/types/errors.ts
FN:2,(anonymous_0)
FNF:1
FNH:1
FNDA:38,(anonymous_0)
DA:1,2
DA:4,38
DA:5,38
DA:6,38
DA:7,38
DA:9,38
DA:10,38
LF:7
LH:7
BRF:0
BRH:0
end_of_record
TN:
SF:src/utils/cardano.ts
FN:80,(anonymous_0)
FN:95,(anonymous_1)
FN:111,(anonymous_2)
FN:116,(anonymous_3)
FN:128,(anonymous_4)
FN:131,(anonymous_5)
FN:136,(anonymous_6)
FN:169,(anonymous_7)
FN:171,(anonymous_8)
FN:189,(anonymous_9)
FN:191,(anonymous_10)
FN:195,(anonymous_11)
FN:218,(anonymous_12)
FN:236,(anonymous_13)
FN:273,(anonymous_14)
FN:302,(anonymous_15)
FN:306,(anonymous_16)
FN:324,(anonymous_17)
FN:352,(anonymous_18)
FN:353,(anonymous_19)
FN:362,(anonymous_20)
FN:382,(anonymous_21)
FN:500,(anonymous_22)
FN:507,(anonymous_23)
FN:515,(anonymous_24)
FN:527,(anonymous_25)
FN:530,(anonymous_26)
FN:545,(anonymous_27)
FN:579,(anonymous_28)
FN:596,(anonymous_29)
FN:613,(anonymous_30)
FN:617,(anonymous_31)
FN:644,(anonymous_32)
FN:680,(anonymous_33)
FN:729,(anonymous_34)
FN:741,(anonymous_35)
FN:748,(anonymous_36)
FN:749,(anonymous_37)
FN:752,(anonymous_38)
FN:753,(anonymous_39)
FN:812,(anonymous_40)
FN:833,(anonymous_41)
FN:838,(anonymous_42)
FN:881,(anonymous_43)
FN:888,(anonymous_44)
FN:908,(anonymous_45)
FN:920,(anonymous_46)
FN:935,(anonymous_47)
FN:935,(anonymous_48)
FN:937,(anonymous_49)
FN:938,(anonymous_50)
FN:939,(anonymous_51)
FN:962,(anonymous_52)
FN:975,(anonymous_53)
FN:981,(anonymous_54)
FN:985,(anonymous_55)
FN:987,(anonymous_56)
FN:988,(anonymous_57)
FN:989,(anonymous_58)
FN:1023,(anonymous_59)
FN:1036,(anonymous_60)
FN:1042,(anonymous_61)
FN:1112,(anonymous_62)
FN:1119,(anonymous_63)
FN:1137,(anonymous_64)
FN:1142,(anonymous_65)
FN:1175,(anonymous_66)
FN:1182,(anonymous_67)
FN:1198,(anonymous_68)
FN:1219,(anonymous_69)
FN:1224,(anonymous_70)
FNF:71
FNH:0
FNDA:0,(anonymous_0)
FNDA:0,(anonymous_1)
FNDA:0,(anonymous_2)
FNDA:0,(anonymous_3)
FNDA:0,(anonymous_4)
FNDA:0,(anonymous_5)
FNDA:0,(anonymous_6)
FNDA:0,(anonymous_7)
FNDA:0,(anonymous_8)
FNDA:0,(anonymous_9)
FNDA:0,(anonymous_10)
FNDA:0,(anonymous_11)
FNDA:0,(anonymous_12)
FNDA:0,(anonymous_13)
FNDA:0,(anonymous_14)
FNDA:0,(anonymous_15)
FNDA:0,(anonymous_16)
FNDA:0,(anonymous_17)
FNDA:0,(anonymous_18)
FNDA:0,(anonymous_19)
FNDA:0,(anonymous_20)
FNDA:0,(anonymous_21)
FNDA:0,(anonymous_22)
FNDA:0,(anonymous_23)
FNDA:0,(anonymous_24)
FNDA:0,(anonymous_25)
FNDA:0,(anonymous_26)
FNDA:0,(anonymous_27)
FNDA:0,(anonymous_28)
FNDA:0,(anonymous_29)
FNDA:0,(anonymous_30)
FNDA:0,(anonymous_31)
FNDA:0,(anonymous_32)
FNDA:0,(anonymous_33)
FNDA:0,(anonymous_34)
FNDA:0,(anonymous_35)
FNDA:0,(anonymous_36)
FNDA:0,(anonymous_37)
FNDA:0,(anonymous_38)
FNDA:0,(anonymous_39)
FNDA:0,(anonymous_40)
FNDA:0,(anonymous_41)
FNDA:0,(anonymous_42)
FNDA:0,(anonymous_43)
FNDA:0,(anonymous_44)
FNDA:0,(anonymous_45)
FNDA:0,(anonymous_46)
FNDA:0,(anonymous_47)
FNDA:0,(anonymous_48)
FNDA:0,(anonymous_49)
FNDA:0,(anonymous_50)
FNDA:0,(anonymous_51)
FNDA:0,(anonymous_52)
FNDA:0,(anonymous_53)
FNDA:0,(anonymous_54)
FNDA:0,(anonymous_55)
FNDA:0,(anonymous_56)
FNDA:0,(anonymous_57)
FNDA:0,(anonymous_58)
FNDA:0,(anonymous_59)
FNDA:0,(anonymous_60)
FNDA:0,(anonymous_61)
FNDA:0,(anonymous_62)
FNDA:0,(anonymous_63)
FNDA:0,(anonymous_64)
FNDA:0,(anonymous_65)
FNDA:0,(anonymous_66)
FNDA:0,(anonymous_67)
FNDA:0,(anonymous_68)
FNDA:0,(anonymous_69)
FNDA:0,(anonymous_70)
DA:37,0
DA:46,0
DA:47,0
DA:48,0
DA:52,0
DA:53,0
DA:59,0
DA:60,0
DA:61,0
DA:80,0
DA:81,0
DA:82,0
DA:84,0
DA:95,0
DA:96,0
DA:97,0
DA:98,0
DA:99,0
DA:100,0
DA:103,0
DA:111,0
DA:112,0
DA:113,0
DA:116,0
DA:125,0
DA:126,0
DA:127,0
DA:128,0
DA:130,0
DA:131,0
DA:136,0
DA:137,0
DA:138,0
DA:139,0
DA:145,0
DA:148,0
DA:149,0
DA:150,0
DA:153,0
DA:155,0
DA:156,0
DA:157,0
DA:159,0
DA:163,0
DA:168,0
DA:169,0
DA:170,0
DA:171,0
DA:172,0
DA:179,0
DA:180,0
DA:181,0
DA:183,0
DA:187,0
DA:188,0
DA:189,0
DA:190,0
DA:191,0
DA:195,0
DA:197,0
DA:198,0
DA:199,0
DA:202,0
DA:204,0
DA:205,0
DA:206,0
DA:211,0
DA:212,0
DA:218,0
DA:220,0
DA:229,0
DA:236,0
DA:240,0
DA:241,0
DA:242,0
DA:244,0
DA:246,0
DA:247,0
DA:249,0
DA:250,0
DA:251,0
DA:254,0
DA:255,0
DA:256,0
DA:259,0
DA:261,0
DA:262,0
DA:265,0
DA:269,0
DA:273,0
DA:284,0
DA:288,0
DA:293,0
DA:294,0
DA:298,0
DA:299,0
DA:302,0
DA:303,0
DA:306,0
DA:311,0
DA:312,0
DA:316,0
DA:320,0
DA:321,0
DA:324,0
DA:327,0
DA:328,0
DA:331,0
DA:332,0
DA:335,0
DA:337,0
DA:338,0
DA:343,0
DA:345,0
DA:352,0
DA:353,0
DA:354,0
DA:355,0
DA:356,0
DA:357,0
DA:358,0
DA:362,0
DA:374,0
DA:376,0
DA:378,0
DA:379,0
DA:381,0
DA:382,0
DA:383,0
DA:385,0
DA:387,0
DA:388,0
DA:393,0
DA:394,0
DA:395,0
DA:396,0
DA:397,0
DA:400,0
DA:401,0
DA:404,0
DA:405,0
DA:406,0
DA:407,0
DA:408,0
DA:409,0
DA:410,0
DA:411,0
DA:412,0
DA:413,0
DA:414,0
DA:415,0
DA:416,0
DA:417,0
DA:418,0
DA:421,0
DA:422,0
DA:423,0
DA:424,0
DA:425,0
DA:428,0
DA:429,0
DA:432,0
DA:434,0
DA:435,0
DA:436,0
DA:441,0
DA:444,0
DA:445,0
DA:446,0
DA:447,0
DA:448,0
DA:449,0
DA:450,0
DA:453,0
DA:454,0
DA:455,0
DA:456,0
DA:457,0
DA:458,0
DA:459,0
DA:462,0
DA:463,0
DA:467,0
DA:468,0
DA:475,0
DA:476,0
DA:477,0
DA:480,0
DA:488,0
DA:489,0
DA:500,0
DA:506,0
DA:507,0
DA:515,0
DA:526,0
DA:527,0
DA:529,0
DA:530,0
DA:532,0
DA:533,0
DA:534,0
DA:535,0
DA:536,0
DA:538,0
DA:539,0
DA:540,0
DA:542,0
DA:545,0
DA:549,0
DA:550,0
DA:552,0
DA:553,0
DA:554,0
DA:555,0
DA:558,0
DA:560,0
DA:561,0
DA:562,0
DA:565,0
DA:567,0
DA:579,0
DA:580,0
DA:581,0
DA:582,0
DA:583,0
DA:584,0
DA:588,0
DA:596,0
DA:599,0
DA:600,0
DA:601,0
DA:602,0
DA:603,0
DA:605,0
DA:613,0
DA:616,0
DA:617,0
DA:619,0
DA:621,0
DA:622,0
DA:623,0
DA:624,0
DA:625,0
DA:626,0
DA:627,0
DA:628,0
DA:629,0
DA:630,0
DA:632,0
DA:633,0
DA:634,0
DA:636,0
DA:644,0
DA:650,0
DA:651,0
DA:652,0
DA:653,0
DA:654,0
DA:656,0
DA:657,0
DA:658,0
DA:659,0
DA:660,0
DA:661,0
DA:662,0
DA:667,0
DA:680,0
DA:687,0
DA:689,0
DA:690,0
DA:692,0
DA:693,0
DA:695,0
DA:696,0
DA:697,0
DA:699,0
DA:703,0
DA:704,0
DA:705,0
DA:707,0
DA:710,0
DA:713,0
DA:714,0
DA:715,0
DA:729,0
DA:738,0
DA:740,0
DA:741,0
DA:742,0
DA:743,0
DA:747,0
DA:748,0
DA:749,0
DA:751,0
DA:752,0
DA:753,0
DA:755,0
DA:756,0
DA:760,0
DA:761,0
DA:762,0
DA:763,0
DA:766,0
DA:768,0
DA:769,0
DA:770,0
DA:774,0
DA:775,0
DA:776,0
DA:777,0
DA:780,0
DA:782,0
DA:783,0
DA:785,0
DA:786,0
DA:787,0
DA:788,0
DA:792,0
DA:793,0
DA:794,0
DA:797,0
DA:798,0
DA:799,0
DA:805,0
DA:812,0
DA:814,0
DA:833,0
DA:836,0
DA:838,0
DA:839,0
DA:842,0
DA:850,0
DA:852,0
DA:855,0
DA:862,0
DA:869,0
DA:881,0
DA:887,0
DA:888,0
DA:908,0
DA:917,0
DA:919,0
DA:920,0
DA:921,0
DA:922,0
DA:926,0
DA:927,0
DA:928,0
DA:929,0
DA:933,0
DA:935,0
DA:938,0
DA:939,0
DA:940,0
DA:943,0
DA:944,0
DA:945,0
DA:948,0
DA:949,0
DA:950,0
DA:953,0
DA:955,0
DA:956,0
DA:957,0
DA:958,0
DA:959,0
DA:962,0
DA:966,0
DA:967,0
DA:968,0
DA:975,0
DA:976,0
DA:981,0
DA:982,0
DA:984,0
DA:985,0
DA:986,0
DA:987,0
DA:988,0
DA:989,0
DA:991,0
DA:992,0
DA:993,0
DA:996,0
DA:998,0
DA:999,0
DA:1000,0
DA:1004,0
DA:1005,0
DA:1006,0
DA:1009,0
DA:1010,0
DA:1011,0
DA:1017,0
DA:1023,0
DA:1025,0
DA:1036,0
DA:1040,0
DA:1042,0
DA:1045,0
DA:1046,0
DA:1047,0
DA:1048,0
DA:1051,0
DA:1054,0
DA:1055,0
DA:1056,0
DA:1057,0
DA:1058,0
DA:1059,0
DA:1060,0
DA:1061,0
DA:1062,0
DA:1063,0
DA:1064,0
DA:1065,0
DA:1066,0
DA:1069,0
DA:1070,0
DA:1071,0
DA:1072,0
DA:1073,0
DA:1074,0
DA:1075,0
DA:1078,0
DA:1079,0
DA:1081,0
DA:1087,0
DA:1088,0
DA:1094,0
DA:1096,0
DA:1101,0
DA:1112,0
DA:1118,0
DA:1119,0
DA:1137,0
DA:1140,0
DA:1142,0
DA:1143,0
DA:1145,0
DA:1146,0
DA:1152,0
DA:1154,0
DA:1158,0
DA:1160,0
DA:1164,0
DA:1175,0
DA:1181,0
DA:1182,0
DA:1198,0
DA:1208,0
DA:1209,0
DA:1210,0
DA:1211,0
DA:1214,0
DA:1215,0
DA:1218,0
DA:1219,0
DA:1221,0
DA:1223,0
DA:1224,0
DA:1225,0
DA:1228,0
DA:1234,0
DA:1235,0
LF:465
LH:0
BRDA:81,0,0,0
BRDA:81,0,1,0
BRDA:99,1,0,0
BRDA:99,1,1,0
BRDA:124,2,0,0
BRDA:149,3,0,0
BRDA:149,3,1,0
BRDA:159,4,0,0
BRDA:159,4,1,0
BRDA:160,5,0,0
BRDA:160,5,1,0
BRDA:170,6,0,0
BRDA:170,6,1,0
BRDA:172,7,0,0
BRDA:172,7,1,0
BRDA:180,8,0,0
BRDA:180,8,1,0
BRDA:188,9,0,0
BRDA:188,9,1,0
BRDA:198,10,0,0
BRDA:198,10,1,0
BRDA:206,11,0,0
BRDA:206,11,1,0
BRDA:211,12,0,0
BRDA:211,12,1,0
BRDA:211,13,0,0
BRDA:211,13,1,0
BRDA:218,14,0,0
BRDA:218,14,1,0
BRDA:230,15,0,0
BRDA:230,15,1,0
BRDA:246,16,0,0
BRDA:246,16,1,0
BRDA:249,17,0,0
BRDA:249,17,1,0
BRDA:249,18,0,0
BRDA:249,18,1,0
BRDA:255,19,0,0
BRDA:255,19,1,0
BRDA:266,20,0,0
BRDA:266,20,1,0
BRDA:267,21,0,0
BRDA:267,21,1,0
BRDA:284,22,0,0
BRDA:284,22,1,0
BRDA:285,23,0,0
BRDA:285,23,1,0
BRDA:285,23,2,0
BRDA:293,24,0,0
BRDA:293,24,1,0
BRDA:293,25,0,0
BRDA:293,25,1,0
BRDA:299,26,0,0
BRDA:299,26,1,0
BRDA:316,27,0,0
BRDA:316,27,1,0
BRDA:316,27,2,0
BRDA:320,28,0,0
BRDA:320,28,1,0
BRDA:320,29,0,0
BRDA:320,29,1,0
BRDA:327,30,0,0
BRDA:327,30,1,0
BRDA:327,31,0,0
BRDA:327,31,1,0
BRDA:337,32,0,0
BRDA:337,32,1,0
BRDA:346,33,0,0
BRDA:346,33,1,0
BRDA:383,34,0,0
BRDA:383,34,1,0
BRDA:387,35,0,0
BRDA:387,35,1,0
BRDA:421,36,0,0
BRDA:421,36,1,0
BRDA:422,37,0,0
BRDA:422,37,1,0
BRDA:423,38,0,0
BRDA:423,38,1,0
BRDA:424,39,0,0
BRDA:424,39,1,0
BRDA:425,40,0,0
BRDA:425,40,1,0
BRDA:428,41,0,0
BRDA:428,41,1,0
BRDA:434,42,0,0
BRDA:434,42,1,0
BRDA:455,43,0,0
BRDA:455,43,1,0
BRDA:457,44,0,0
BRDA:457,44,1,0
BRDA:560,45,0,0
BRDA:560,45,1,0
BRDA:568,46,0,0
BRDA:568,46,1,0
BRDA:582,47,0,0
BRDA:582,47,1,0
BRDA:584,48,0,0
BRDA:584,48,1,0
BRDA:602,49,0,0
BRDA:602,49,1,0
BRDA:619,50,0,0
BRDA:619,50,1,0
BRDA:653,51,0,0
BRDA:653,51,1,0
BRDA:660,52,0,0
BRDA:660,52,1,0
BRDA:703,53,0,0
BRDA:703,53,1,0
BRDA:738,54,0,0
BRDA:742,55,0,0
BRDA:742,55,1,0
BRDA:742,56,0,0
BRDA:742,56,1,0
BRDA:748,57,0,0
BRDA:748,57,1,0
BRDA:752,58,0,0
BRDA:752,58,1,0
BRDA:762,59,0,0
BRDA:762,59,1,0
BRDA:770,60,0,0
BRDA:770,60,1,0
BRDA:774,61,0,0
BRDA:774,61,1,0
BRDA:776,62,0,0
BRDA:776,62,1,0
BRDA:788,63,0,0
BRDA:788,63,1,0
BRDA:798,64,0,0
BRDA:798,64,1,0
BRDA:798,65,0,0
BRDA:798,65,1,0
BRDA:812,66,0,0
BRDA:812,66,1,0
BRDA:852,67,0,0
BRDA:852,67,1,0
BRDA:864,68,0,0
BRDA:864,68,1,0
BRDA:917,69,0,0
BRDA:921,70,0,0
BRDA:921,70,1,0
BRDA:921,71,0,0
BRDA:921,71,1,0
BRDA:929,72,0,0
BRDA:929,72,1,0
BRDA:935,73,0,0
BRDA:935,73,1,0
BRDA:939,74,0,0
BRDA:939,74,1,0
BRDA:949,75,0,0
BRDA:949,75,1,0
BRDA:957,76,0,0
BRDA:957,76,1,0
BRDA:959,77,0,0
BRDA:959,77,1,0
BRDA:962,78,0,0
BRDA:962,78,1,0
BRDA:962,79,0,0
BRDA:962,79,1,0
BRDA:967,80,0,0
BRDA:967,80,1,0
BRDA:967,81,0,0
BRDA:967,81,1,0
BRDA:969,82,0,0
BRDA:969,82,1,0
BRDA:977,83,0,0
BRDA:977,83,1,0
BRDA:984,84,0,0
BRDA:984,84,1,0
BRDA:987,85,0,0
BRDA:987,85,1,0
BRDA:988,86,0,0
BRDA:988,86,1,0
BRDA:992,87,0,0
BRDA:992,87,1,0
BRDA:1000,88,0,0
BRDA:1000,88,1,0
BRDA:1010,89,0,0
BRDA:1010,89,1,0
BRDA:1010,90,0,0
BRDA:1010,90,1,0
BRDA:1023,91,0,0
BRDA:1023,91,1,0
BRDA:1047,92,0,0
BRDA:1047,92,1,0
BRDA:1049,93,0,0
BRDA:1049,93,1,0
BRDA:1066,94,0,0
BRDA:1066,94,1,0
BRDA:1073,95,0,0
BRDA:1073,95,1,0
BRDA:1075,96,0,0
BRDA:1075,96,1,0
BRDA:1145,97,0,0
BRDA:1145,97,1,0
BRDA:1154,98,0,0
BRDA:1154,98,1,0
BRDA:1209,99,0,0
BRDA:1209,99,1,0
BRDA:1209,100,0,0
BRDA:1209,100,1,0
BRDA:1225,101,0,0
BRDA:1225,101,1,0
BRF:203
BRH:0
end_of_record
TN:
SF:src/utils/config.ts
FN:29,(anonymous_0)
FN:44,(anonymous_1)
FN:54,(anonymous_2)
FN:67,(anonymous_3)
FN:105,(anonymous_4)
FN:125,(anonymous_5)
FN:136,(anonymous_6)
FN:143,(anonymous_7)
FN:151,(anonymous_8)
FN:158,(anonymous_9)
FNF:10
FNH:0
FNDA:0,(anonymous_0)
FNDA:0,(anonymous_1)
FNDA:0,(anonymous_2)
FNDA:0,(anonymous_3)
FNDA:0,(anonymous_4)
FNDA:0,(anonymous_5)
FNDA:0,(anonymous_6)
FNDA:0,(anonymous_7)
FNDA:0,(anonymous_8)
FNDA:0,(anonymous_9)
DA:7,0
DA:9,0
DA:26,0
DA:29,0
DA:30,0
DA:32,0
DA:33,0
DA:36,0
DA:37,0
DA:39,0
DA:44,0
DA:45,0
DA:46,0
DA:50,0
DA:54,0
DA:55,0
DA:67,0
DA:68,0
DA:78,0
DA:105,0
DA:106,0
DA:107,0
DA:110,0
DA:111,0
DA:112,0
DA:114,0
DA:115,0
DA:125,0
DA:126,0
DA:127,0
DA:128,0
DA:130,0
DA:136,0
DA:137,0
DA:143,0
DA:144,0
DA:145,0
DA:150,0
DA:153,0
DA:154,0
DA:156,0
DA:159,0
LF:42
LH:0
BRDA:30,0,0,0
BRDA:30,0,1,0
BRDA:32,1,0,0
BRDA:32,1,1,0
BRDA:45,2,0,0
BRDA:45,2,1,0
BRDA:45,3,0,0
BRDA:45,3,1,0
BRDA:50,4,0,0
BRDA:50,4,1,0
BRDA:56,5,0,0
BRDA:56,5,1,0
BRDA:58,6,0,0
BRDA:58,6,1,0
BRDA:60,7,0,0
BRDA:60,7,1,0
BRDA:62,8,0,0
BRDA:62,8,1,0
BRDA:69,9,0,0
BRDA:69,9,1,0
BRDA:75,10,0,0
BRDA:75,10,1,0
BRDA:79,11,0,0
BRDA:79,11,1,0
BRDA:81,12,0,0
BRDA:81,12,1,0
BRDA:82,13,0,0
BRDA:82,13,1,0
BRDA:83,14,0,0
BRDA:83,14,1,0
BRDA:85,15,0,0
BRDA:85,15,1,0
BRDA:106,16,0,0
BRDA:106,16,1,0
BRDA:110,17,0,0
BRDA:110,17,1,0
BRDA:126,18,0,0
BRDA:126,18,1,0
BRDA:153,19,0,0
BRDA:153,19,1,0
BRF:40
BRH:0
end_of_record
TN:
SF:src/utils/errorHandler.ts
FN:6,(anonymous_0)
FN:17,(anonymous_1)
FNF:2
FNH:0
FNDA:0,(anonymous_0)
FNDA:0,(anonymous_1)
DA:7,0
DA:8,0
DA:18,0
DA:19,0
DA:20,0
DA:23,0
DA:24,0
DA:25,0
DA:26,0
DA:29,0
DA:30,0
DA:31,0
DA:32,0
DA:33,0
DA:35,0
DA:40,0
DA:47,0
DA:51,0
DA:52,0
DA:55,0
DA:56,0
LF:21
LH:0
BRDA:18,0,0,0
BRDA:18,0,1,0
BRDA:29,1,0,0
BRDA:29,1,1,0
BRDA:32,2,0,0
BRDA:32,2,1,0
BRDA:40,3,0,0
BRDA:40,3,1,0
BRDA:40,3,2,0
BRDA:40,3,3,0
BRDA:40,3,4,0
BRDA:40,3,5,0
BRDA:51,4,0,0
BRDA:51,4,1,0
BRDA:57,5,0,0
BRDA:57,5,1,0
BRF:16
BRH:0
end_of_record
TN:
SF:src/utils/fireblocks.ts
FN:55,(anonymous_0)
FN:82,(anonymous_1)
FNF:2
FNH:0
FNDA:0,(anonymous_0)
FNDA:0,(anonymous_1)
DA:9,0
DA:55,0
DA:61,0
DA:63,0
DA:64,0
DA:65,0
DA:67,0
DA:72,0
DA:76,0
DA:77,0
DA:82,0
DA:84,0
DA:88,0
DA:89,0
DA:92,0
DA:95,0
DA:100,0
DA:104,0
DA:108,0
DA:112,0
DA:114,0
DA:118,0
LF:22
LH:0
BRDA:58,0,0,0
BRDA:59,1,0,0
BRDA:73,2,0,0
BRDA:73,2,1,0
BRDA:76,3,0,0
BRDA:76,3,1,0
BRDA:88,4,0,0
BRDA:88,4,1,0
BRDA:95,5,0,0
BRDA:95,5,1,0
BRDA:95,5,2,0
BRDA:95,5,3,0
BRDA:95,5,4,0
BRDA:116,6,0,0
BRDA:116,6,1,0
BRF:15
BRH:0
end_of_record
TN:
SF:src/utils/general.ts
FN:1,(anonymous_0)
FN:3,(anonymous_1)
FN:27,(anonymous_2)
FN:58,(anonymous_3)
FNF:4
FNH:4
FNDA:4,(anonymous_0)
FNDA:5,(anonymous_1)
FNDA:19,(anonymous_2)
FNDA:40,(anonymous_3)
DA:1,4
DA:3,1
DA:4,5
DA:6,5
DA:7,2
DA:11,3
DA:12,3
DA:27,1
DA:31,19
DA:32,2
DA:36,17
DA:37,17
DA:38,2
DA:40,15
DA:41,1
DA:43,14
DA:44,14
DA:45,14
DA:46,14
DA:48,14
DA:58,1
DA:59,40
DA:60,12
DA:64,28
DA:65,28
DA:66,28
DA:67,28
DA:68,1
DA:72,27
LF:29
LH:29
BRDA:6,0,0,2
BRDA:6,0,1,3
BRDA:31,1,0,2
BRDA:31,1,1,17
BRDA:31,2,0,19
BRDA:31,2,1,18
BRDA:36,3,0,3
BRDA:36,3,1,14
BRDA:37,4,0,2
BRDA:37,4,1,15
BRDA:40,5,0,1
BRDA:40,5,1,14
BRDA:59,6,0,12
BRDA:59,6,1,28
BRDA:64,7,0,0
BRDA:64,8,0,8
BRDA:66,9,0,28
BRDA:66,9,1,0
BRDA:67,10,0,1
BRDA:67,10,1,27
BRF:20
BRH:18
end_of_record
TN:
SF:src/utils/httpClient.ts
FNF:0
FNH:0
DA:3,0
LF:1
LH:0
BRF:0
BRH:0
end_of_record
TN:
SF:src/utils/logger.ts
FN:3,(anonymous_0)
FN:21,(anonymous_1)
FN:29,(anonymous_2)
FN:37,(anonymous_3)
FN:45,(anonymous_4)
FN:53,(anonymous_5)
FN:60,(anonymous_6)
FN:68,(anonymous_7)
FN:83,(anonymous_8)
FN:87,(anonymous_9)
FN:94,(anonymous_10)
FN:109,(anonymous_11)
FN:121,(anonymous_12)
FN:136,(anonymous_13)
FN:151,(anonymous_14)
FNF:15
FNH:0
FNDA:0,(anonymous_0)
FNDA:0,(anonymous_1)
FNDA:0,(anonymous_2)
FNDA:0,(anonymous_3)
FNDA:0,(anonymous_4)
FNDA:0,(anonymous_5)
FNDA:0,(anonymous_6)
FNDA:0,(anonymous_7)
FNDA:0,(anonymous_8)
FNDA:0,(anonymous_9)
FNDA:0,(anonymous_10)
FNDA:0,(anonymous_11)
FNDA:0,(anonymous_12)
FNDA:0,(anonymous_13)
FNDA:0,(anonymous_14)
DA:3,0
DA:4,0
DA:5,0
DA:6,0
DA:7,0
DA:8,0
DA:12,0
DA:13,0
DA:14,0
DA:22,0
DA:30,0
DA:38,0
DA:46,0
DA:54,0
DA:61,0
DA:69,0
DA:70,0
DA:84,0
DA:85,0
DA:87,0
DA:95,0
DA:96,0
DA:97,0
DA:110,0
DA:111,0
DA:112,0
DA:122,0
DA:123,0
DA:124,0
DA:137,0
DA:138,0
DA:139,0
DA:152,0
DA:157,0
DA:158,0
DA:159,0
DA:161,0
DA:162,0
DA:164,0
DA:165,0
DA:167,0
DA:168,0
DA:170,0
DA:171,0
DA:173,0
DA:174,0
LF:46
LH:0
BRDA:3,0,0,0
BRDA:3,0,1,0
BRDA:84,1,0,0
BRDA:84,1,1,0
BRDA:95,2,0,0
BRDA:95,2,1,0
BRDA:110,3,0,0
BRDA:110,3,1,0
BRDA:122,4,0,0
BRDA:122,4,1,0
BRDA:137,5,0,0
BRDA:137,5,1,0
BRDA:157,6,0,0
BRDA:157,6,1,0
BRDA:157,7,0,0
BRDA:157,7,1,0
BRDA:159,8,0,0
BRDA:159,8,1,0
BRDA:159,8,2,0
BRDA:159,8,3,0
BRDA:159,8,4,0
BRF:21
BRH:0
end_of_record
TN:
SF:src/utils/sanitizer.ts
FN:23,(anonymous_0)
FN:50,(anonymous_1)
FN:54,(anonymous_2)
FN:59,(anonymous_3)
FN:74,(anonymous_4)
FNF:5
FNH:0
FNDA:0,(anonymous_0)
FNDA:0,(anonymous_1)
FNDA:0,(anonymous_2)
FNDA:0,(anonymous_3)
FNDA:0,(anonymous_4)
DA:23,0
DA:25,0
DA:50,0
DA:51,0
DA:54,0
DA:55,0
DA:59,0
DA:63,0
DA:64,0
DA:68,0
DA:69,0
DA:73,0
DA:74,0
DA:78,0
DA:79,0
DA:80,0
DA:81,0
DA:82,0
DA:83,0
DA:85,0
DA:89,0
LF:21
LH:0
BRDA:23,0,0,0
BRDA:54,1,0,0
BRDA:54,1,1,0
BRDA:63,2,0,0
BRDA:63,2,1,0
BRDA:68,3,0,0
BRDA:68,3,1,0
BRDA:73,4,0,0
BRDA:73,4,1,0
BRDA:80,5,0,0
BRDA:80,5,1,0
BRDA:82,6,0,0
BRDA:82,6,1,0
BRDA:82,7,0,0
BRDA:82,7,1,0
BRF:15
BRH:0
end_of_record
TN:
SF:src/utils/staking.utils.ts
FN:29,(anonymous_0)
FN:37,(anonymous_1)
FN:44,(anonymous_2)
FN:51,(anonymous_3)
FN:58,(anonymous_4)
FN:65,(anonymous_5)
FN:74,(anonymous_6)
FN:92,(anonymous_7)
FN:108,(anonymous_8)
FN:117,(anonymous_9)
FN:125,(anonymous_10)
FN:133,(anonymous_11)
FN:145,(anonymous_12)
FN:160,(anonymous_13)
FN:171,(anonymous_14)
FN:205,(anonymous_15)
FN:242,(anonymous_16)
FN:256,(anonymous_17)
FN:264,(anonymous_18)
FN:285,(anonymous_19)
FN:299,(anonymous_20)
FN:329,(anonymous_21)
FN:366,(anonymous_22)
FN:382,(anonymous_23)
FN:421,(anonymous_24)
FN:429,(anonymous_25)
FN:466,(anonymous_26)
FN:501,(anonymous_27)
FN:527,(anonymous_28)
FN:545,(anonymous_29)
FN:557,(anonymous_30)
FN:558,(anonymous_31)
FNF:32
FNH:0
FNDA:0,(anonymous_0)
FNDA:0,(anonymous_1)
FNDA:0,(anonymous_2)
FNDA:0,(anonymous_3)
FNDA:0,(anonymous_4)
FNDA:0,(anonymous_5)
FNDA:0,(anonymous_6)
FNDA:0,(anonymous_7)
FNDA:0,(anonymous_8)
FNDA:0,(anonymous_9)
FNDA:0,(anonymous_10)
FNDA:0,(anonymous_11)
FNDA:0,(anonymous_12)
FNDA:0,(anonymous_13)
FNDA:0,(anonymous_14)
FNDA:0,(anonymous_15)
FNDA:0,(anonymous_16)
FNDA:0,(anonymous_17)
FNDA:0,(anonymous_18)
FNDA:0,(anonymous_19)
FNDA:0,(anonymous_20)
FNDA:0,(anonymous_21)
FNDA:0,(anonymous_22)
FNDA:0,(anonymous_23)
FNDA:0,(anonymous_24)
FNDA:0,(anonymous_25)
FNDA:0,(anonymous_26)
FNDA:0,(anonymous_27)
FNDA:0,(anonymous_28)
FNDA:0,(anonymous_29)
FNDA:0,(anonymous_30)
FNDA:0,(anonymous_31)
DA:29,0
DA:30,0
DA:31,0
DA:37,0
DA:38,0
DA:44,0
DA:45,0
DA:51,0
DA:52,0
DA:58,0
DA:59,0
DA:65,0
DA:66,0
DA:67,0
DA:68,0
DA:74,0
DA:75,0
DA:77,0
DA:78,0
DA:84,0
DA:85,0
DA:86,0
DA:92,0
DA:93,0
DA:95,0
DA:96,0
DA:102,0
DA:108,0
DA:109,0
DA:110,0
DA:111,0
DA:117,0
DA:118,0
DA:119,0
DA:125,0
DA:126,0
DA:133,0
DA:134,0
DA:136,0
DA:145,0
DA:146,0
DA:148,0
DA:160,0
DA:161,0
DA:162,0
DA:171,0
DA:175,0
DA:176,0
DA:177,0
DA:181,0
DA:183,0
DA:184,0
DA:185,0
DA:186,0
DA:189,0
DA:192,0
DA:193,0
DA:194,0
DA:195,0
DA:197,0
DA:198,0
DA:199,0
DA:205,0
DA:207,0
DA:211,0
DA:215,0
DA:216,0
DA:218,0
DA:219,0
DA:222,0
DA:223,0
DA:225,0
DA:226,0
DA:229,0
DA:230,0
DA:232,0
DA:236,0
DA:242,0
DA:245,0
DA:246,0
DA:247,0
DA:249,0
DA:256,0
DA:261,0
DA:264,0
DA:269,0
DA:272,0
DA:279,0
DA:285,0
DA:292,0
DA:295,0
DA:296,0
DA:299,0
DA:300,0
DA:304,0
DA:308,0
DA:309,0
DA:313,0
DA:316,0
DA:318,0
DA:319,0
DA:320,0
DA:323,0
DA:324,0
DA:328,0
DA:329,0
DA:331,0
DA:332,0
DA:335,0
DA:341,0
DA:342,0
DA:345,0
DA:347,0
DA:350,0
DA:351,0
DA:354,0
DA:355,0
DA:358,0
DA:360,0
DA:366,0
DA:370,0
DA:382,0
DA:393,0
DA:395,0
DA:397,0
DA:398,0
DA:405,0
DA:413,0
DA:414,0
DA:415,0
DA:421,0
DA:422,0
DA:423,0
DA:429,0
DA:431,0
DA:432,0
DA:433,0
DA:436,0
DA:437,0
DA:443,0
DA:444,0
DA:447,0
DA:449,0
DA:453,0
DA:454,0
DA:459,0
DA:466,0
DA:467,0
DA:469,0
DA:471,0
DA:473,0
DA:474,0
DA:477,0
DA:479,0
DA:485,0
DA:501,0
DA:507,0
DA:509,0
DA:510,0
DA:512,0
DA:513,0
DA:516,0
DA:518,0
DA:519,0
DA:527,0
DA:532,0
DA:533,0
DA:534,0
DA:537,0
DA:545,0
DA:546,0
DA:547,0
DA:548,0
DA:549,0
DA:550,0
DA:557,0
DA:558,0
DA:559,0
DA:560,0
DA:561,0
LF:180
LH:0
BRDA:29,0,0,0
BRDA:45,1,0,0
BRDA:45,1,1,0
BRDA:52,2,0,0
BRDA:52,2,1,0
BRDA:59,3,0,0
BRDA:59,3,1,0
BRDA:77,4,0,0
BRDA:77,4,1,0
BRDA:95,5,0,0
BRDA:95,5,1,0
BRDA:134,6,0,0
BRDA:134,6,1,0
BRDA:181,7,0,0
BRDA:181,7,1,0
BRDA:211,8,0,0
BRDA:211,8,1,0
BRDA:211,8,2,0
BRDA:211,8,3,0
BRDA:211,8,4,0
BRDA:218,9,0,0
BRDA:218,9,1,0
BRDA:225,10,0,0
BRDA:225,10,1,0
BRDA:300,11,0,0
BRDA:300,11,1,0
BRDA:309,12,0,0
BRDA:309,12,1,0
BRDA:323,13,0,0
BRDA:323,13,1,0
BRDA:323,14,0,0
BRDA:323,14,1,0
BRDA:328,15,0,0
BRDA:328,15,1,0
BRDA:328,16,0,0
BRDA:328,16,1,0
BRDA:331,17,0,0
BRDA:331,17,1,0
BRDA:335,18,0,0
BRDA:335,18,1,0
BRDA:336,19,0,0
BRDA:336,19,1,0
BRDA:336,19,2,0
BRDA:336,19,3,0
BRDA:350,20,0,0
BRDA:350,20,1,0
BRDA:350,21,0,0
BRDA:350,21,1,0
BRDA:354,22,0,0
BRDA:354,22,1,0
BRDA:354,23,0,0
BRDA:354,23,1,0
BRDA:368,24,0,0
BRDA:395,25,0,0
BRDA:395,25,1,0
BRDA:397,26,0,0
BRDA:397,26,1,0
BRDA:397,27,0,0
BRDA:397,27,1,0
BRDA:422,28,0,0
BRDA:422,28,1,0
BRDA:431,29,0,0
BRDA:431,29,1,0
BRDA:431,30,0,0
BRDA:431,30,1,0
BRDA:436,31,0,0
BRDA:436,31,1,0
BRDA:453,32,0,0
BRDA:453,32,1,0
BRDA:467,33,0,0
BRDA:467,33,1,0
BRDA:467,33,2,0
BRDA:467,33,3,0
BRDA:473,34,0,0
BRDA:473,34,1,0
BRDA:480,35,0,0
BRDA:480,35,1,0
BRDA:512,36,0,0
BRDA:512,36,1,0
BRDA:513,37,0,0
BRDA:513,37,1,0
BRDA:532,38,0,0
BRDA:532,38,1,0
BRDA:534,39,0,0
BRDA:534,39,1,0
BRDA:545,40,0,0
BRDA:546,41,0,0
BRDA:546,41,1,0
BRDA:549,42,0,0
BRDA:549,42,1,0
BRF:90
BRH:0
end_of_record
TN:
SF:src/utils/swagger.ts
FN:18,(anonymous_0)
FNF:1
FNH:0
FNDA:0,(anonymous_0)
DA:8,0
DA:9,0
DA:12,0
DA:18,0
DA:19,0
DA:20,0
DA:22,0
DA:75,0
DA:78,0
LF:9
LH:0
BRDA:19,0,0,0
BRDA:19,0,1,0
BRF:2
BRH:0
end_of_record
TN:
SF:src/utils/utxoLock.ts
FN:13,(anonymous_0)
FN:17,(anonymous_1)
FN:32,(anonymous_2)
FN:34,(anonymous_3)
FN:38,(anonymous_4)
FNF:5
FNH:0
FNDA:0,(anonymous_0)
FNDA:0,(anonymous_1)
FNDA:0,(anonymous_2)
FNDA:0,(anonymous_3)
FNDA:0,(anonymous_4)
DA:11,0
DA:14,0
DA:18,0
DA:19,0
DA:20,0
DA:21,0
DA:22,0
DA:23,0
DA:25,0
DA:33,0
DA:34,0
DA:35,0
DA:37,0
DA:38,0
DA:39,0
DA:40,0
DA:41,0
DA:46,0
LF:18
LH:0
BRDA:20,0,0,0
BRDA:20,0,1,0
BRDA:21,1,0,0
BRDA:21,1,1,0
BRDA:39,2,0,0
BRDA:39,2,1,0
BRF:6
BRH:0
end_of_record
